<?xml version="1.0" encoding="UTF-8"?>
<!-- Generated by org.testng.reporters.JUnitReportReporter -->
<testsuite hostname="DESKTOP-7AKMRUB" failures="0" tests="1" name="com.p360.userdesktop.TestCases.TC_Login2" time="0.013" errors="1" timestamp="2023-07-07T15:22:13 IST" skipped="0">
  <testcase classname="com.p360.userdesktop.TestCases.TC_Login2" name="test_Login" time="0.013">
    <error type="java.lang.StackOverflowError">
      <![CDATA[java.lang.StackOverflowError
at com.p360.userdesktop.TestCases.TC_Login2.test_Login(TC_Login2.java:18)
at com.p360.userdesktop.TestCases.TC_Login2.test_Login(TC_Login2.java:18)
at com.p360.userdesktop.TestCases.TC_Login2.test_Login(TC_Login2.java:18)
at com.p360.userdesktop.TestCases.TC_Login2.test_Login(TC_Login2.java:18)
at com.p360.userdesktop.TestCases.TC_Login2.test_Login(TC_Login2.java:18)
at com.p360.userdesktop.TestCases.TC_Login2.test_Login(TC_Login2.java:18)
at com.p360.userdesktop.TestCases.TC_Login2.test_Login(TC_Login2.java:18)
at com.p360.userdesktop.TestCases.TC_Login2.test_Login(TC_Login2.java:18)
at com.p360.userdesktop.TestCases.TC_Login2.test_Login(TC_Login2.java:18)
at com.p360.userdesktop.TestCases.TC_Login2.test_Login(TC_Login2.java:18)
at com.p360.userdesktop.TestCases.TC_Login2.test_Login(TC_Login2.java:18)
at com.p360.userdesktop.TestCases.TC_Login2.test_Login(TC_Login2.java:18)
at com.p360.userdesktop.TestCases.TC_Login2.test_Login(TC_Login2.java:18)
at com.p360.userdesktop.TestCases.TC_Login2.test_Login(TC_Login2.java:18)
at com.p360.userdesktop.TestCases.TC_Login2.test_Login(TC_Login2.java:18)
at com.p360.userdesktop.TestCases.TC_Login2.test_Login(TC_Login2.java:18)
at com.p360.userdesktop.TestCases.TC_Login2.test_Login(TC_Login2.java:18)
at com.p360.userdesktop.TestCases.TC_Login2.test_Login(TC_Login2.java:18)
at com.p360.userdesktop.TestCases.TC_Login2.test_Login(TC_Login2.java:18)
at com.p360.userdesktop.TestCases.TC_Login2.test_Login(TC_Login2.java:18)
at com.p360.userdesktop.TestCases.TC_Login2.test_Login(TC_Login2.java:18)
at com.p360.userdesktop.TestCases.TC_Login2.test_Login(TC_Login2.java:18)
at com.p360.userdesktop.TestCases.TC_Login2.test_Login(TC_Login2.java:18)
at com.p360.userdesktop.TestCases.TC_Login2.test_Login(TC_Login2.java:18)
at com.p360.userdesktop.TestCases.TC_Login2.test_Login(TC_Login2.java:18)
at com.p360.userdesktop.TestCases.TC_Login2.test_Login(TC_Login2.java:18)
at com.p360.userdesktop.TestCases.TC_Login2.test_Login(TC_Login2.java:18)
at com.p360.userdesktop.TestCases.TC_Login2.test_Login(TC_Login2.java:18)
at com.p360.userdesktop.TestCases.TC_Login2.test_Login(TC_Login2.java:18)
at com.p360.userdesktop.TestCases.TC_Login2.test_Login(TC_Login2.java:18)
at com.p360.userdesktop.TestCases.TC_Login2.test_Login(TC_Login2.java:18)
at com.p360.userdesktop.TestCases.TC_Login2.test_Login(TC_Login2.java:18)
at com.p360.userdesktop.TestCases.TC_Login2.test_Login(TC_Login2.java:18)
at com.p360.userdesktop.TestCases.TC_Login2.test_Login(TC_Login2.java:18)
at com.p360.userdesktop.TestCases.TC_Login2.test_Login(TC_Login2.java:18)
at com.p360.userdesktop.TestCases.TC_Login2.test_Login(TC_Login2.java:18)
at com.p360.userdesktop.TestCases.TC_Login2.test_Login(TC_Login2.java:18)
at com.p360.userdesktop.TestCases.TC_Login2.test_Login(TC_Login2.java:18)
at com.p360.userdesktop.TestCases.TC_Login2.test_Login(TC_Login2.java:18)
at com.p360.userdesktop.TestCases.TC_Login2.test_Login(TC_Login2.java:18)
at com.p360.userdesktop.TestCases.TC_Login2.test_Login(TC_Login2.java:18)
at com.p360.userdesktop.TestCases.TC_Login2.test_Login(TC_Login2.java:18)
at com.p360.userdesktop.TestCases.TC_Login2.test_Login(TC_Login2.java:18)
at com.p360.userdesktop.TestCases.TC_Login2.test_Login(TC_Login2.java:18)
at com.p360.userdesktop.TestCases.TC_Login2.test_Login(TC_Login2.java:18)
at com.p360.userdesktop.TestCases.TC_Login2.test_Login(TC_Login2.java:18)
at com.p360.userdesktop.TestCases.TC_Login2.test_Login(TC_Login2.java:18)
at com.p360.userdesktop.TestCases.TC_Login2.test_Login(TC_Login2.java:18)
at com.p360.userdesktop.TestCases.TC_Login2.test_Login(TC_Login2.java:18)
at com.p360.userdesktop.TestCases.TC_Login2.test_Login(TC_Login2.java:18)
at com.p360.userdesktop.TestCases.TC_Login2.test_Login(TC_Login2.java:18)
at com.p360.userdesktop.TestCases.TC_Login2.test_Login(TC_Login2.java:18)
at com.p360.userdesktop.TestCases.TC_Login2.test_Login(TC_Login2.java:18)
at com.p360.userdesktop.TestCases.TC_Login2.test_Login(TC_Login2.java:18)
at com.p360.userdesktop.TestCases.TC_Login2.test_Login(TC_Login2.java:18)
at com.p360.userdesktop.TestCases.TC_Login2.test_Login(TC_Login2.java:18)
at com.p360.userdesktop.TestCases.TC_Login2.test_Login(TC_Login2.java:18)
at com.p360.userdesktop.TestCases.TC_Login2.test_Login(TC_Login2.java:18)
at com.p360.userdesktop.TestCases.TC_Login2.test_Login(TC_Login2.java:18)
at com.p360.userdesktop.TestCases.TC_Login2.test_Login(TC_Login2.java:18)
at com.p360.userdesktop.TestCases.TC_Login2.test_Login(TC_Login2.java:18)
at com.p360.userdesktop.TestCases.TC_Login2.test_Login(TC_Login2.java:18)
at com.p360.userdesktop.TestCases.TC_Login2.test_Login(TC_Login2.java:18)
at com.p360.userdesktop.TestCases.TC_Login2.test_Login(TC_Login2.java:18)
at com.p360.userdesktop.TestCases.TC_Login2.test_Login(TC_Login2.java:18)
at com.p360.userdesktop.TestCases.TC_Login2.test_Login(TC_Login2.java:18)
at com.p360.userdesktop.TestCases.TC_Login2.test_Login(TC_Login2.java:18)
at com.p360.userdesktop.TestCases.TC_Login2.test_Login(TC_Login2.java:18)
at com.p360.userdesktop.TestCases.TC_Login2.test_Login(TC_Login2.java:18)
at com.p360.userdesktop.TestCases.TC_Login2.test_Login(TC_Login2.java:18)
at com.p360.userdesktop.TestCases.TC_Login2.test_Login(TC_Login2.java:18)
at com.p360.userdesktop.TestCases.TC_Login2.test_Login(TC_Login2.java:18)
at com.p360.userdesktop.TestCases.TC_Login2.test_Login(TC_Login2.java:18)
at com.p360.userdesktop.TestCases.TC_Login2.test_Login(TC_Login2.java:18)
at com.p360.userdesktop.TestCases.TC_Login2.test_Login(TC_Login2.java:18)
at com.p360.userdesktop.TestCases.TC_Login2.test_Login(TC_Login2.java:18)
at com.p360.userdesktop.TestCases.TC_Login2.test_Login(TC_Login2.java:18)
at com.p360.userdesktop.TestCases.TC_Login2.test_Login(TC_Login2.java:18)
at com.p360.userdesktop.TestCases.TC_Login2.test_Login(TC_Login2.java:18)
at com.p360.userdesktop.TestCases.TC_Login2.test_Login(TC_Login2.java:18)
at com.p360.userdesktop.TestCases.TC_Login2.test_Login(TC_Login2.java:18)
at com.p360.userdesktop.TestCases.TC_Login2.test_Login(TC_Login2.java:18)
at com.p360.userdesktop.TestCases.TC_Login2.test_Login(TC_Login2.java:18)
at com.p360.userdesktop.TestCases.TC_Login2.test_Login(TC_Login2.java:18)
at com.p360.userdesktop.TestCases.TC_Login2.test_Login(TC_Login2.java:18)
at com.p360.userdesktop.TestCases.TC_Login2.test_Login(TC_Login2.java:18)
at com.p360.userdesktop.TestCases.TC_Login2.test_Login(TC_Login2.java:18)
at com.p360.userdesktop.TestCases.TC_Login2.test_Login(TC_Login2.java:18)
at com.p360.userdesktop.TestCases.TC_Login2.test_Login(TC_Login2.java:18)
at com.p360.userdesktop.TestCases.TC_Login2.test_Login(TC_Login2.java:18)
at com.p360.userdesktop.TestCases.TC_Login2.test_Login(TC_Login2.java:18)
at com.p360.userdesktop.TestCases.TC_Login2.test_Login(TC_Login2.java:18)
at com.p360.userdesktop.TestCases.TC_Login2.test_Login(TC_Login2.java:18)
at com.p360.userdesktop.TestCases.TC_Login2.test_Login(TC_Login2.java:18)
at com.p360.userdesktop.TestCases.TC_Login2.test_Login(TC_Login2.java:18)
at com.p360.userdesktop.TestCases.TC_Login2.test_Login(TC_Login2.java:18)
at com.p360.userdesktop.TestCases.TC_Login2.test_Login(TC_Login2.java:18)
at com.p360.userdesktop.TestCases.TC_Login2.test_Login(TC_Login2.java:18)
at com.p360.userdesktop.TestCases.TC_Login2.test_Login(TC_Login2.java:18)
at com.p360.userdesktop.TestCases.TC_Login2.test_Login(TC_Login2.java:18)
at com.p360.userdesktop.TestCases.TC_Login2.test_Login(TC_Login2.java:18)
at com.p360.userdesktop.TestCases.TC_Login2.test_Login(TC_Login2.java:18)
at com.p360.userdesktop.TestCases.TC_Login2.test_Login(TC_Login2.java:18)
at com.p360.userdesktop.TestCases.TC_Login2.test_Login(TC_Login2.java:18)
at com.p360.userdesktop.TestCases.TC_Login2.test_Login(TC_Login2.java:18)
at com.p360.userdesktop.TestCases.TC_Login2.test_Login(TC_Login2.java:18)
at com.p360.userdesktop.TestCases.TC_Login2.test_Login(TC_Login2.java:18)
at com.p360.userdesktop.TestCases.TC_Login2.test_Login(TC_Login2.java:18)
at com.p360.userdesktop.TestCases.TC_Login2.test_Login(TC_Login2.java:18)
at com.p360.userdesktop.TestCases.TC_Login2.test_Login(TC_Login2.java:18)
at com.p360.userdesktop.TestCases.TC_Login2.test_Login(TC_Login2.java:18)
at com.p360.userdesktop.TestCases.TC_Login2.test_Login(TC_Login2.java:18)
at com.p360.userdesktop.TestCases.TC_Login2.test_Login(TC_Login2.java:18)
at com.p360.userdesktop.TestCases.TC_Login2.test_Login(TC_Login2.java:18)
at com.p360.userdesktop.TestCases.TC_Login2.test_Login(TC_Login2.java:18)
at com.p360.userdesktop.TestCases.TC_Login2.test_Login(TC_Login2.java:18)
at com.p360.userdesktop.TestCases.TC_Login2.test_Login(TC_Login2.java:18)
at com.p360.userdesktop.TestCases.TC_Login2.test_Login(TC_Login2.java:18)
at com.p360.userdesktop.TestCases.TC_Login2.test_Login(TC_Login2.java:18)
at com.p360.userdesktop.TestCases.TC_Login2.test_Login(TC_Login2.java:18)
at com.p360.userdesktop.TestCases.TC_Login2.test_Login(TC_Login2.java:18)
at com.p360.userdesktop.TestCases.TC_Login2.test_Login(TC_Login2.java:18)
at com.p360.userdesktop.TestCases.TC_Login2.test_Login(TC_Login2.java:18)
at com.p360.userdesktop.TestCases.TC_Login2.test_Login(TC_Login2.java:18)
at com.p360.userdesktop.TestCases.TC_Login2.test_Login(TC_Login2.java:18)
at com.p360.userdesktop.TestCases.TC_Login2.test_Login(TC_Login2.java:18)
at com.p360.userdesktop.TestCases.TC_Login2.test_Login(TC_Login2.java:18)
at com.p360.userdesktop.TestCases.TC_Login2.test_Login(TC_Login2.java:18)
at com.p360.userdesktop.TestCases.TC_Login2.test_Login(TC_Login2.java:18)
at com.p360.userdesktop.TestCases.TC_Login2.test_Login(TC_Login2.java:18)
at com.p360.userdesktop.TestCases.TC_Login2.test_Login(TC_Login2.java:18)
at com.p360.userdesktop.TestCases.TC_Login2.test_Login(TC_Login2.java:18)
at com.p360.userdesktop.TestCases.TC_Login2.test_Login(TC_Login2.java:18)
at com.p360.userdesktop.TestCases.TC_Login2.test_Login(TC_Login2.java:18)
at com.p360.userdesktop.TestCases.TC_Login2.test_Login(TC_Login2.java:18)
at com.p360.userdesktop.TestCases.TC_Login2.test_Login(TC_Login2.java:18)
at com.p360.userdesktop.TestCases.TC_Login2.test_Login(TC_Login2.java:18)
at com.p360.userdesktop.TestCases.TC_Login2.test_Login(TC_Login2.java:18)
at com.p360.userdesktop.TestCases.TC_Login2.test_Login(TC_Login2.java:18)
at com.p360.userdesktop.TestCases.TC_Login2.test_Login(TC_Login2.java:18)
at com.p360.userdesktop.TestCases.TC_Login2.test_Login(TC_Login2.java:18)
at com.p360.userdesktop.TestCases.TC_Login2.test_Login(TC_Login2.java:18)
at com.p360.userdesktop.TestCases.TC_Login2.test_Login(TC_Login2.java:18)
at com.p360.userdesktop.TestCases.TC_Login2.test_Login(TC_Login2.java:18)
at com.p360.userdesktop.TestCases.TC_Login2.test_Login(TC_Login2.java:18)
at com.p360.userdesktop.TestCases.TC_Login2.test_Login(TC_Login2.java:18)
at com.p360.userdesktop.TestCases.TC_Login2.test_Login(TC_Login2.java:18)
at com.p360.userdesktop.TestCases.TC_Login2.test_Login(TC_Login2.java:18)
at com.p360.userdesktop.TestCases.TC_Login2.test_Login(TC_Login2.java:18)
at com.p360.userdesktop.TestCases.TC_Login2.test_Login(TC_Login2.java:18)
at com.p360.userdesktop.TestCases.TC_Login2.test_Login(TC_Login2.java:18)
at com.p360.userdesktop.TestCases.TC_Login2.test_Login(TC_Login2.java:18)
at com.p360.userdesktop.TestCases.TC_Login2.test_Login(TC_Login2.java:18)
at com.p360.userdesktop.TestCases.TC_Login2.test_Login(TC_Login2.java:18)
at com.p360.userdesktop.TestCases.TC_Login2.test_Login(TC_Login2.java:18)
at com.p360.userdesktop.TestCases.TC_Login2.test_Login(TC_Login2.java:18)
at com.p360.userdesktop.TestCases.TC_Login2.test_Login(TC_Login2.java:18)
at com.p360.userdesktop.TestCases.TC_Login2.test_Login(TC_Login2.java:18)
at com.p360.userdesktop.TestCases.TC_Login2.test_Login(TC_Login2.java:18)
at com.p360.userdesktop.TestCases.TC_Login2.test_Login(TC_Login2.java:18)
at com.p360.userdesktop.TestCases.TC_Login2.test_Login(TC_Login2.java:18)
at com.p360.userdesktop.TestCases.TC_Login2.test_Login(TC_Login2.java:18)
at com.p360.userdesktop.TestCases.TC_Login2.test_Login(TC_Login2.java:18)
at com.p360.userdesktop.TestCases.TC_Login2.test_Login(TC_Login2.java:18)
at com.p360.userdesktop.TestCases.TC_Login2.test_Login(TC_Login2.java:18)
at com.p360.userdesktop.TestCases.TC_Login2.test_Login(TC_Login2.java:18)
at com.p360.userdesktop.TestCases.TC_Login2.test_Login(TC_Login2.java:18)
at com.p360.userdesktop.TestCases.TC_Login2.test_Login(TC_Login2.java:18)
at com.p360.userdesktop.TestCases.TC_Login2.test_Login(TC_Login2.java:18)
at com.p360.userdesktop.TestCases.TC_Login2.test_Login(TC_Login2.java:18)
at com.p360.userdesktop.TestCases.TC_Login2.test_Login(TC_Login2.java:18)
at com.p360.userdesktop.TestCases.TC_Login2.test_Login(TC_Login2.java:18)
at com.p360.userdesktop.TestCases.TC_Login2.test_Login(TC_Login2.java:18)
at com.p360.userdesktop.TestCases.TC_Login2.test_Login(TC_Login2.java:18)
at com.p360.userdesktop.TestCases.TC_Login2.test_Login(TC_Login2.java:18)
at com.p360.userdesktop.TestCases.TC_Login2.test_Login(TC_Login2.java:18)
at com.p360.userdesktop.TestCases.TC_Login2.test_Login(TC_Login2.java:18)
at com.p360.userdesktop.TestCases.TC_Login2.test_Login(TC_Login2.java:18)
at com.p360.userdesktop.TestCases.TC_Login2.test_Login(TC_Login2.java:18)
at com.p360.userdesktop.TestCases.TC_Login2.test_Login(TC_Login2.java:18)
at com.p360.userdesktop.TestCases.TC_Login2.test_Login(TC_Login2.java:18)
at com.p360.userdesktop.TestCases.TC_Login2.test_Login(TC_Login2.java:18)
at com.p360.userdesktop.TestCases.TC_Login2.test_Login(TC_Login2.java:18)
at com.p360.userdesktop.TestCases.TC_Login2.test_Login(TC_Login2.java:18)
at com.p360.userdesktop.TestCases.TC_Login2.test_Login(TC_Login2.java:18)
at com.p360.userdesktop.TestCases.TC_Login2.test_Login(TC_Login2.java:18)
at com.p360.userdesktop.TestCases.TC_Login2.test_Login(TC_Login2.java:18)
at com.p360.userdesktop.TestCases.TC_Login2.test_Login(TC_Login2.java:18)
at com.p360.userdesktop.TestCases.TC_Login2.test_Login(TC_Login2.java:18)
at com.p360.userdesktop.TestCases.TC_Login2.test_Login(TC_Login2.java:18)
at com.p360.userdesktop.TestCases.TC_Login2.test_Login(TC_Login2.java:18)
at com.p360.userdesktop.TestCases.TC_Login2.test_Login(TC_Login2.java:18)
at com.p360.userdesktop.TestCases.TC_Login2.test_Login(TC_Login2.java:18)
at com.p360.userdesktop.TestCases.TC_Login2.test_Login(TC_Login2.java:18)
at com.p360.userdesktop.TestCases.TC_Login2.test_Login(TC_Login2.java:18)
at com.p360.userdesktop.TestCases.TC_Login2.test_Login(TC_Login2.java:18)
at com.p360.userdesktop.TestCases.TC_Login2.test_Login(TC_Login2.java:18)
at com.p360.userdesktop.TestCases.TC_Login2.test_Login(TC_Login2.java:18)
at com.p360.userdesktop.TestCases.TC_Login2.test_Login(TC_Login2.java:18)
at com.p360.userdesktop.TestCases.TC_Login2.test_Login(TC_Login2.java:18)
at com.p360.userdesktop.TestCases.TC_Login2.test_Login(TC_Login2.java:18)
at com.p360.userdesktop.TestCases.TC_Login2.test_Login(TC_Login2.java:18)
at com.p360.userdesktop.TestCases.TC_Login2.test_Login(TC_Login2.java:18)
at com.p360.userdesktop.TestCases.TC_Login2.test_Login(TC_Login2.java:18)
at com.p360.userdesktop.TestCases.TC_Login2.test_Login(TC_Login2.java:18)
at com.p360.userdesktop.TestCases.TC_Login2.test_Login(TC_Login2.java:18)
at com.p360.userdesktop.TestCases.TC_Login2.test_Login(TC_Login2.java:18)
at com.p360.userdesktop.TestCases.TC_Login2.test_Login(TC_Login2.java:18)
at com.p360.userdesktop.TestCases.TC_Login2.test_Login(TC_Login2.java:18)
at com.p360.userdesktop.TestCases.TC_Login2.test_Login(TC_Login2.java:18)
at com.p360.userdesktop.TestCases.TC_Login2.test_Login(TC_Login2.java:18)
at com.p360.userdesktop.TestCases.TC_Login2.test_Login(TC_Login2.java:18)
at com.p360.userdesktop.TestCases.TC_Login2.test_Login(TC_Login2.java:18)
at com.p360.userdesktop.TestCases.TC_Login2.test_Login(TC_Login2.java:18)
at com.p360.userdesktop.TestCases.TC_Login2.test_Login(TC_Login2.java:18)
at com.p360.userdesktop.TestCases.TC_Login2.test_Login(TC_Login2.java:18)
at com.p360.userdesktop.TestCases.TC_Login2.test_Login(TC_Login2.java:18)
at com.p360.userdesktop.TestCases.TC_Login2.test_Login(TC_Login2.java:18)
at com.p360.userdesktop.TestCases.TC_Login2.test_Login(TC_Login2.java:18)
at com.p360.userdesktop.TestCases.TC_Login2.test_Login(TC_Login2.java:18)
at com.p360.userdesktop.TestCases.TC_Login2.test_Login(TC_Login2.java:18)
at com.p360.userdesktop.TestCases.TC_Login2.test_Login(TC_Login2.java:18)
at com.p360.userdesktop.TestCases.TC_Login2.test_Login(TC_Login2.java:18)
at com.p360.userdesktop.TestCases.TC_Login2.test_Login(TC_Login2.java:18)
at com.p360.userdesktop.TestCases.TC_Login2.test_Login(TC_Login2.java:18)
at com.p360.userdesktop.TestCases.TC_Login2.test_Login(TC_Login2.java:18)
at com.p360.userdesktop.TestCases.TC_Login2.test_Login(TC_Login2.java:18)
at com.p360.userdesktop.TestCases.TC_Login2.test_Login(TC_Login2.java:18)
at com.p360.userdesktop.TestCases.TC_Login2.test_Login(TC_Login2.java:18)
at com.p360.userdesktop.TestCases.TC_Login2.test_Login(TC_Login2.java:18)
at com.p360.userdesktop.TestCases.TC_Login2.test_Login(TC_Login2.java:18)
at com.p360.userdesktop.TestCases.TC_Login2.test_Login(TC_Login2.java:18)
at com.p360.userdesktop.TestCases.TC_Login2.test_Login(TC_Login2.java:18)
at com.p360.userdesktop.TestCases.TC_Login2.test_Login(TC_Login2.java:18)
at com.p360.userdesktop.TestCases.TC_Login2.test_Login(TC_Login2.java:18)
at com.p360.userdesktop.TestCases.TC_Login2.test_Login(TC_Login2.java:18)
at com.p360.userdesktop.TestCases.TC_Login2.test_Login(TC_Login2.java:18)
at com.p360.userdesktop.TestCases.TC_Login2.test_Login(TC_Login2.java:18)
at com.p360.userdesktop.TestCases.TC_Login2.test_Login(TC_Login2.java:18)
at com.p360.userdesktop.TestCases.TC_Login2.test_Login(TC_Login2.java:18)
at com.p360.userdesktop.TestCases.TC_Login2.test_Login(TC_Login2.java:18)
at com.p360.userdesktop.TestCases.TC_Login2.test_Login(TC_Login2.java:18)
at com.p360.userdesktop.TestCases.TC_Login2.test_Login(TC_Login2.java:18)
at com.p360.userdesktop.TestCases.TC_Login2.test_Login(TC_Login2.java:18)
at com.p360.userdesktop.TestCases.TC_Login2.test_Login(TC_Login2.java:18)
at com.p360.userdesktop.TestCases.TC_Login2.test_Login(TC_Login2.java:18)
at com.p360.userdesktop.TestCases.TC_Login2.test_Login(TC_Login2.java:18)
at com.p360.userdesktop.TestCases.TC_Login2.test_Login(TC_Login2.java:18)
at com.p360.userdesktop.TestCases.TC_Login2.test_Login(TC_Login2.java:18)
at com.p360.userdesktop.TestCases.TC_Login2.test_Login(TC_Login2.java:18)
at com.p360.userdesktop.TestCases.TC_Login2.test_Login(TC_Login2.java:18)
at com.p360.userdesktop.TestCases.TC_Login2.test_Login(TC_Login2.java:18)
at com.p360.userdesktop.TestCases.TC_Login2.test_Login(TC_Login2.java:18)
at com.p360.userdesktop.TestCases.TC_Login2.test_Login(TC_Login2.java:18)
at com.p360.userdesktop.TestCases.TC_Login2.test_Login(TC_Login2.java:18)
at com.p360.userdesktop.TestCases.TC_Login2.test_Login(TC_Login2.java:18)
at com.p360.userdesktop.TestCases.TC_Login2.test_Login(TC_Login2.java:18)
at com.p360.userdesktop.TestCases.TC_Login2.test_Login(TC_Login2.java:18)
at com.p360.userdesktop.TestCases.TC_Login2.test_Login(TC_Login2.java:18)
at com.p360.userdesktop.TestCases.TC_Login2.test_Login(TC_Login2.java:18)
at com.p360.userdesktop.TestCases.TC_Login2.test_Login(TC_Login2.java:18)
at com.p360.userdesktop.TestCases.TC_Login2.test_Login(TC_Login2.java:18)
at com.p360.userdesktop.TestCases.TC_Login2.test_Login(TC_Login2.java:18)
at com.p360.userdesktop.TestCases.TC_Login2.test_Login(TC_Login2.java:18)
at com.p360.userdesktop.TestCases.TC_Login2.test_Login(TC_Login2.java:18)
at com.p360.userdesktop.TestCases.TC_Login2.test_Login(TC_Login2.java:18)
at com.p360.userdesktop.TestCases.TC_Login2.test_Login(TC_Login2.java:18)
at com.p360.userdesktop.TestCases.TC_Login2.test_Login(TC_Login2.java:18)
at com.p360.userdesktop.TestCases.TC_Login2.test_Login(TC_Login2.java:18)
at com.p360.userdesktop.TestCases.TC_Login2.test_Login(TC_Login2.java:18)
at com.p360.userdesktop.TestCases.TC_Login2.test_Login(TC_Login2.java:18)
at com.p360.userdesktop.TestCases.TC_Login2.test_Login(TC_Login2.java:18)
at com.p360.userdesktop.TestCases.TC_Login2.test_Login(TC_Login2.java:18)
at com.p360.userdesktop.TestCases.TC_Login2.test_Login(TC_Login2.java:18)
at com.p360.userdesktop.TestCases.TC_Login2.test_Login(TC_Login2.java:18)
at com.p360.userdesktop.TestCases.TC_Login2.test_Login(TC_Login2.java:18)
at com.p360.userdesktop.TestCases.TC_Login2.test_Login(TC_Login2.java:18)
at com.p360.userdesktop.TestCases.TC_Login2.test_Login(TC_Login2.java:18)
at com.p360.userdesktop.TestCases.TC_Login2.test_Login(TC_Login2.java:18)
at com.p360.userdesktop.TestCases.TC_Login2.test_Login(TC_Login2.java:18)
at com.p360.userdesktop.TestCases.TC_Login2.test_Login(TC_Login2.java:18)
at com.p360.userdesktop.TestCases.TC_Login2.test_Login(TC_Login2.java:18)
at com.p360.userdesktop.TestCases.TC_Login2.test_Login(TC_Login2.java:18)
at com.p360.userdesktop.TestCases.TC_Login2.test_Login(TC_Login2.java:18)
at com.p360.userdesktop.TestCases.TC_Login2.test_Login(TC_Login2.java:18)
at com.p360.userdesktop.TestCases.TC_Login2.test_Login(TC_Login2.java:18)
at com.p360.userdesktop.TestCases.TC_Login2.test_Login(TC_Login2.java:18)
at com.p360.userdesktop.TestCases.TC_Login2.test_Login(TC_Login2.java:18)
at com.p360.userdesktop.TestCases.TC_Login2.test_Login(TC_Login2.java:18)
at com.p360.userdesktop.TestCases.TC_Login2.test_Login(TC_Login2.java:18)
at com.p360.userdesktop.TestCases.TC_Login2.test_Login(TC_Login2.java:18)
at com.p360.userdesktop.TestCases.TC_Login2.test_Login(TC_Login2.java:18)
at com.p360.userdesktop.TestCases.TC_Login2.test_Login(TC_Login2.java:18)
at com.p360.userdesktop.TestCases.TC_Login2.test_Login(TC_Login2.java:18)
at com.p360.userdesktop.TestCases.TC_Login2.test_Login(TC_Login2.java:18)
at com.p360.userdesktop.TestCases.TC_Login2.test_Login(TC_Login2.java:18)
at com.p360.userdesktop.TestCases.TC_Login2.test_Login(TC_Login2.java:18)
at com.p360.userdesktop.TestCases.TC_Login2.test_Login(TC_Login2.java:18)
at com.p360.userdesktop.TestCases.TC_Login2.test_Login(TC_Login2.java:18)
at com.p360.userdesktop.TestCases.TC_Login2.test_Login(TC_Login2.java:18)
at com.p360.userdesktop.TestCases.TC_Login2.test_Login(TC_Login2.java:18)
at com.p360.userdesktop.TestCases.TC_Login2.test_Login(TC_Login2.java:18)
at com.p360.userdesktop.TestCases.TC_Login2.test_Login(TC_Login2.java:18)
at com.p360.userdesktop.TestCases.TC_Login2.test_Login(TC_Login2.java:18)
at com.p360.userdesktop.TestCases.TC_Login2.test_Login(TC_Login2.java:18)
at com.p360.userdesktop.TestCases.TC_Login2.test_Login(TC_Login2.java:18)
at com.p360.userdesktop.TestCases.TC_Login2.test_Login(TC_Login2.java:18)
at com.p360.userdesktop.TestCases.TC_Login2.test_Login(TC_Login2.java:18)
at com.p360.userdesktop.TestCases.TC_Login2.test_Login(TC_Login2.java:18)
at com.p360.userdesktop.TestCases.TC_Login2.test_Login(TC_Login2.java:18)
at com.p360.userdesktop.TestCases.TC_Login2.test_Login(TC_Login2.java:18)
at com.p360.userdesktop.TestCases.TC_Login2.test_Login(TC_Login2.java:18)
at com.p360.userdesktop.TestCases.TC_Login2.test_Login(TC_Login2.java:18)
at com.p360.userdesktop.TestCases.TC_Login2.test_Login(TC_Login2.java:18)
at com.p360.userdesktop.TestCases.TC_Login2.test_Login(TC_Login2.java:18)
at com.p360.userdesktop.TestCases.TC_Login2.test_Login(TC_Login2.java:18)
at com.p360.userdesktop.TestCases.TC_Login2.test_Login(TC_Login2.java:18)
at com.p360.userdesktop.TestCases.TC_Login2.test_Login(TC_Login2.java:18)
at com.p360.userdesktop.TestCases.TC_Login2.test_Login(TC_Login2.java:18)
at com.p360.userdesktop.TestCases.TC_Login2.test_Login(TC_Login2.java:18)
at com.p360.userdesktop.TestCases.TC_Login2.test_Login(TC_Login2.java:18)
at com.p360.userdesktop.TestCases.TC_Login2.test_Login(TC_Login2.java:18)
at com.p360.userdesktop.TestCases.TC_Login2.test_Login(TC_Login2.java:18)
at com.p360.userdesktop.TestCases.TC_Login2.test_Login(TC_Login2.java:18)
at com.p360.userdesktop.TestCases.TC_Login2.test_Login(TC_Login2.java:18)
at com.p360.userdesktop.TestCases.TC_Login2.test_Login(TC_Login2.java:18)
at com.p360.userdesktop.TestCases.TC_Login2.test_Login(TC_Login2.java:18)
at com.p360.userdesktop.TestCases.TC_Login2.test_Login(TC_Login2.java:18)
at com.p360.userdesktop.TestCases.TC_Login2.test_Login(TC_Login2.java:18)
at com.p360.userdesktop.TestCases.TC_Login2.test_Login(TC_Login2.java:18)
at com.p360.userdesktop.TestCases.TC_Login2.test_Login(TC_Login2.java:18)
at com.p360.userdesktop.TestCases.TC_Login2.test_Login(TC_Login2.java:18)
at com.p360.userdesktop.TestCases.TC_Login2.test_Login(TC_Login2.java:18)
at com.p360.userdesktop.TestCases.TC_Login2.test_Login(TC_Login2.java:18)
at com.p360.userdesktop.TestCases.TC_Login2.test_Login(TC_Login2.java:18)
at com.p360.userdesktop.TestCases.TC_Login2.test_Login(TC_Login2.java:18)
at com.p360.userdesktop.TestCases.TC_Login2.test_Login(TC_Login2.java:18)
at com.p360.userdesktop.TestCases.TC_Login2.test_Login(TC_Login2.java:18)
at com.p360.userdesktop.TestCases.TC_Login2.test_Login(TC_Login2.java:18)
at com.p360.userdesktop.TestCases.TC_Login2.test_Login(TC_Login2.java:18)
at com.p360.userdesktop.TestCases.TC_Login2.test_Login(TC_Login2.java:18)
at com.p360.userdesktop.TestCases.TC_Login2.test_Login(TC_Login2.java:18)
at com.p360.userdesktop.TestCases.TC_Login2.test_Login(TC_Login2.java:18)
at com.p360.userdesktop.TestCases.TC_Login2.test_Login(TC_Login2.java:18)
at com.p360.userdesktop.TestCases.TC_Login2.test_Login(TC_Login2.java:18)
at com.p360.userdesktop.TestCases.TC_Login2.test_Login(TC_Login2.java:18)
at com.p360.userdesktop.TestCases.TC_Login2.test_Login(TC_Login2.java:18)
at com.p360.userdesktop.TestCases.TC_Login2.test_Login(TC_Login2.java:18)
at com.p360.userdesktop.TestCases.TC_Login2.test_Login(TC_Login2.java:18)
at com.p360.userdesktop.TestCases.TC_Login2.test_Login(TC_Login2.java:18)
at com.p360.userdesktop.TestCases.TC_Login2.test_Login(TC_Login2.java:18)
at com.p360.userdesktop.TestCases.TC_Login2.test_Login(TC_Login2.java:18)
at com.p360.userdesktop.TestCases.TC_Login2.test_Login(TC_Login2.java:18)
at com.p360.userdesktop.TestCases.TC_Login2.test_Login(TC_Login2.java:18)
at com.p360.userdesktop.TestCases.TC_Login2.test_Login(TC_Login2.java:18)
at com.p360.userdesktop.TestCases.TC_Login2.test_Login(TC_Login2.java:18)
at com.p360.userdesktop.TestCases.TC_Login2.test_Login(TC_Login2.java:18)
at com.p360.userdesktop.TestCases.TC_Login2.test_Login(TC_Login2.java:18)
at com.p360.userdesktop.TestCases.TC_Login2.test_Login(TC_Login2.java:18)
at com.p360.userdesktop.TestCases.TC_Login2.test_Login(TC_Login2.java:18)
at com.p360.userdesktop.TestCases.TC_Login2.test_Login(TC_Login2.java:18)
at com.p360.userdesktop.TestCases.TC_Login2.test_Login(TC_Login2.java:18)
at com.p360.userdesktop.TestCases.TC_Login2.test_Login(TC_Login2.java:18)
at com.p360.userdesktop.TestCases.TC_Login2.test_Login(TC_Login2.java:18)
at com.p360.userdesktop.TestCases.TC_Login2.test_Login(TC_Login2.java:18)
at com.p360.userdesktop.TestCases.TC_Login2.test_Login(TC_Login2.java:18)
at com.p360.userdesktop.TestCases.TC_Login2.test_Login(TC_Login2.java:18)
at com.p360.userdesktop.TestCases.TC_Login2.test_Login(TC_Login2.java:18)
at com.p360.userdesktop.TestCases.TC_Login2.test_Login(TC_Login2.java:18)
at com.p360.userdesktop.TestCases.TC_Login2.test_Login(TC_Login2.java:18)
at com.p360.userdesktop.TestCases.TC_Login2.test_Login(TC_Login2.java:18)
at com.p360.userdesktop.TestCases.TC_Login2.test_Login(TC_Login2.java:18)
at com.p360.userdesktop.TestCases.TC_Login2.test_Login(TC_Login2.java:18)
at com.p360.userdesktop.TestCases.TC_Login2.test_Login(TC_Login2.java:18)
at com.p360.userdesktop.TestCases.TC_Login2.test_Login(TC_Login2.java:18)
at com.p360.userdesktop.TestCases.TC_Login2.test_Login(TC_Login2.java:18)
at com.p360.userdesktop.TestCases.TC_Login2.test_Login(TC_Login2.java:18)
at com.p360.userdesktop.TestCases.TC_Login2.test_Login(TC_Login2.java:18)
at com.p360.userdesktop.TestCases.TC_Login2.test_Login(TC_Login2.java:18)
at com.p360.userdesktop.TestCases.TC_Login2.test_Login(TC_Login2.java:18)
at com.p360.userdesktop.TestCases.TC_Login2.test_Login(TC_Login2.java:18)
at com.p360.userdesktop.TestCases.TC_Login2.test_Login(TC_Login2.java:18)
at com.p360.userdesktop.TestCases.TC_Login2.test_Login(TC_Login2.java:18)
at com.p360.userdesktop.TestCases.TC_Login2.test_Login(TC_Login2.java:18)
at com.p360.userdesktop.TestCases.TC_Login2.test_Login(TC_Login2.java:18)
at com.p360.userdesktop.TestCases.TC_Login2.test_Login(TC_Login2.java:18)
at com.p360.userdesktop.TestCases.TC_Login2.test_Login(TC_Login2.java:18)
at com.p360.userdesktop.TestCases.TC_Login2.test_Login(TC_Login2.java:18)
at com.p360.userdesktop.TestCases.TC_Login2.test_Login(TC_Login2.java:18)
at com.p360.userdesktop.TestCases.TC_Login2.test_Login(TC_Login2.java:18)
at com.p360.userdesktop.TestCases.TC_Login2.test_Login(TC_Login2.java:18)
at com.p360.userdesktop.TestCases.TC_Login2.test_Login(TC_Login2.java:18)
at com.p360.userdesktop.TestCases.TC_Login2.test_Login(TC_Login2.java:18)
at com.p360.userdesktop.TestCases.TC_Login2.test_Login(TC_Login2.java:18)
at com.p360.userdesktop.TestCases.TC_Login2.test_Login(TC_Login2.java:18)
at com.p360.userdesktop.TestCases.TC_Login2.test_Login(TC_Login2.java:18)
at com.p360.userdesktop.TestCases.TC_Login2.test_Login(TC_Login2.java:18)
at com.p360.userdesktop.TestCases.TC_Login2.test_Login(TC_Login2.java:18)
at com.p360.userdesktop.TestCases.TC_Login2.test_Login(TC_Login2.java:18)
at com.p360.userdesktop.TestCases.TC_Login2.test_Login(TC_Login2.java:18)
at com.p360.userdesktop.TestCases.TC_Login2.test_Login(TC_Login2.java:18)
at com.p360.userdesktop.TestCases.TC_Login2.test_Login(TC_Login2.java:18)
at com.p360.userdesktop.TestCases.TC_Login2.test_Login(TC_Login2.java:18)
at com.p360.userdesktop.TestCases.TC_Login2.test_Login(TC_Login2.java:18)
at com.p360.userdesktop.TestCases.TC_Login2.test_Login(TC_Login2.java:18)
at com.p360.userdesktop.TestCases.TC_Login2.test_Login(TC_Login2.java:18)
at com.p360.userdesktop.TestCases.TC_Login2.test_Login(TC_Login2.java:18)
at com.p360.userdesktop.TestCases.TC_Login2.test_Login(TC_Login2.java:18)
at com.p360.userdesktop.TestCases.TC_Login2.test_Login(TC_Login2.java:18)
at com.p360.userdesktop.TestCases.TC_Login2.test_Login(TC_Login2.java:18)
at com.p360.userdesktop.TestCases.TC_Login2.test_Login(TC_Login2.java:18)
at com.p360.userdesktop.TestCases.TC_Login2.test_Login(TC_Login2.java:18)
at com.p360.userdesktop.TestCases.TC_Login2.test_Login(TC_Login2.java:18)
at com.p360.userdesktop.TestCases.TC_Login2.test_Login(TC_Login2.java:18)
at com.p360.userdesktop.TestCases.TC_Login2.test_Login(TC_Login2.java:18)
at com.p360.userdesktop.TestCases.TC_Login2.test_Login(TC_Login2.java:18)
at com.p360.userdesktop.TestCases.TC_Login2.test_Login(TC_Login2.java:18)
at com.p360.userdesktop.TestCases.TC_Login2.test_Login(TC_Login2.java:18)
at com.p360.userdesktop.TestCases.TC_Login2.test_Login(TC_Login2.java:18)
at com.p360.userdesktop.TestCases.TC_Login2.test_Login(TC_Login2.java:18)
at com.p360.userdesktop.TestCases.TC_Login2.test_Login(TC_Login2.java:18)
at com.p360.userdesktop.TestCases.TC_Login2.test_Login(TC_Login2.java:18)
at com.p360.userdesktop.TestCases.TC_Login2.test_Login(TC_Login2.java:18)
at com.p360.userdesktop.TestCases.TC_Login2.test_Login(TC_Login2.java:18)
at com.p360.userdesktop.TestCases.TC_Login2.test_Login(TC_Login2.java:18)
at com.p360.userdesktop.TestCases.TC_Login2.test_Login(TC_Login2.java:18)
at com.p360.userdesktop.TestCases.TC_Login2.test_Login(TC_Login2.java:18)
at com.p360.userdesktop.TestCases.TC_Login2.test_Login(TC_Login2.java:18)
at com.p360.userdesktop.TestCases.TC_Login2.test_Login(TC_Login2.java:18)
at com.p360.userdesktop.TestCases.TC_Login2.test_Login(TC_Login2.java:18)
at com.p360.userdesktop.TestCases.TC_Login2.test_Login(TC_Login2.java:18)
at com.p360.userdesktop.TestCases.TC_Login2.test_Login(TC_Login2.java:18)
at com.p360.userdesktop.TestCases.TC_Login2.test_Login(TC_Login2.java:18)
at com.p360.userdesktop.TestCases.TC_Login2.test_Login(TC_Login2.java:18)
at com.p360.userdesktop.TestCases.TC_Login2.test_Login(TC_Login2.java:18)
at com.p360.userdesktop.TestCases.TC_Login2.test_Login(TC_Login2.java:18)
at com.p360.userdesktop.TestCases.TC_Login2.test_Login(TC_Login2.java:18)
at com.p360.userdesktop.TestCases.TC_Login2.test_Login(TC_Login2.java:18)
at com.p360.userdesktop.TestCases.TC_Login2.test_Login(TC_Login2.java:18)
at com.p360.userdesktop.TestCases.TC_Login2.test_Login(TC_Login2.java:18)
at com.p360.userdesktop.TestCases.TC_Login2.test_Login(TC_Login2.java:18)
at com.p360.userdesktop.TestCases.TC_Login2.test_Login(TC_Login2.java:18)
at com.p360.userdesktop.TestCases.TC_Login2.test_Login(TC_Login2.java:18)
at com.p360.userdesktop.TestCases.TC_Login2.test_Login(TC_Login2.java:18)
at com.p360.userdesktop.TestCases.TC_Login2.test_Login(TC_Login2.java:18)
at com.p360.userdesktop.TestCases.TC_Login2.test_Login(TC_Login2.java:18)
at com.p360.userdesktop.TestCases.TC_Login2.test_Login(TC_Login2.java:18)
at com.p360.userdesktop.TestCases.TC_Login2.test_Login(TC_Login2.java:18)
at com.p360.userdesktop.TestCases.TC_Login2.test_Login(TC_Login2.java:18)
at com.p360.userdesktop.TestCases.TC_Login2.test_Login(TC_Login2.java:18)
at com.p360.userdesktop.TestCases.TC_Login2.test_Login(TC_Login2.java:18)
at com.p360.userdesktop.TestCases.TC_Login2.test_Login(TC_Login2.java:18)
at com.p360.userdesktop.TestCases.TC_Login2.test_Login(TC_Login2.java:18)
at com.p360.userdesktop.TestCases.TC_Login2.test_Login(TC_Login2.java:18)
at com.p360.userdesktop.TestCases.TC_Login2.test_Login(TC_Login2.java:18)
at com.p360.userdesktop.TestCases.TC_Login2.test_Login(TC_Login2.java:18)
at com.p360.userdesktop.TestCases.TC_Login2.test_Login(TC_Login2.java:18)
at com.p360.userdesktop.TestCases.TC_Login2.test_Login(TC_Login2.java:18)
at com.p360.userdesktop.TestCases.TC_Login2.test_Login(TC_Login2.java:18)
at com.p360.userdesktop.TestCases.TC_Login2.test_Login(TC_Login2.java:18)
at com.p360.userdesktop.TestCases.TC_Login2.test_Login(TC_Login2.java:18)
at com.p360.userdesktop.TestCases.TC_Login2.test_Login(TC_Login2.java:18)
at com.p360.userdesktop.TestCases.TC_Login2.test_Login(TC_Login2.java:18)
at com.p360.userdesktop.TestCases.TC_Login2.test_Login(TC_Login2.java:18)
at com.p360.userdesktop.TestCases.TC_Login2.test_Login(TC_Login2.java:18)
at com.p360.userdesktop.TestCases.TC_Login2.test_Login(TC_Login2.java:18)
at com.p360.userdesktop.TestCases.TC_Login2.test_Login(TC_Login2.java:18)
at com.p360.userdesktop.TestCases.TC_Login2.test_Login(TC_Login2.java:18)
at com.p360.userdesktop.TestCases.TC_Login2.test_Login(TC_Login2.java:18)
at com.p360.userdesktop.TestCases.TC_Login2.test_Login(TC_Login2.java:18)
at com.p360.userdesktop.TestCases.TC_Login2.test_Login(TC_Login2.java:18)
at com.p360.userdesktop.TestCases.TC_Login2.test_Login(TC_Login2.java:18)
at com.p360.userdesktop.TestCases.TC_Login2.test_Login(TC_Login2.java:18)
at com.p360.userdesktop.TestCases.TC_Login2.test_Login(TC_Login2.java:18)
at com.p360.userdesktop.TestCases.TC_Login2.test_Login(TC_Login2.java:18)
at com.p360.userdesktop.TestCases.TC_Login2.test_Login(TC_Login2.java:18)
at com.p360.userdesktop.TestCases.TC_Login2.test_Login(TC_Login2.java:18)
at com.p360.userdesktop.TestCases.TC_Login2.test_Login(TC_Login2.java:18)
at com.p360.userdesktop.TestCases.TC_Login2.test_Login(TC_Login2.java:18)
at com.p360.userdesktop.TestCases.TC_Login2.test_Login(TC_Login2.java:18)
at com.p360.userdesktop.TestCases.TC_Login2.test_Login(TC_Login2.java:18)
at com.p360.userdesktop.TestCases.TC_Login2.test_Login(TC_Login2.java:18)
at com.p360.userdesktop.TestCases.TC_Login2.test_Login(TC_Login2.java:18)
at com.p360.userdesktop.TestCases.TC_Login2.test_Login(TC_Login2.java:18)
at com.p360.userdesktop.TestCases.TC_Login2.test_Login(TC_Login2.java:18)
at com.p360.userdesktop.TestCases.TC_Login2.test_Login(TC_Login2.java:18)
at com.p360.userdesktop.TestCases.TC_Login2.test_Login(TC_Login2.java:18)
at com.p360.userdesktop.TestCases.TC_Login2.test_Login(TC_Login2.java:18)
at com.p360.userdesktop.TestCases.TC_Login2.test_Login(TC_Login2.java:18)
at com.p360.userdesktop.TestCases.TC_Login2.test_Login(TC_Login2.java:18)
at com.p360.userdesktop.TestCases.TC_Login2.test_Login(TC_Login2.java:18)
at com.p360.userdesktop.TestCases.TC_Login2.test_Login(TC_Login2.java:18)
at com.p360.userdesktop.TestCases.TC_Login2.test_Login(TC_Login2.java:18)
at com.p360.userdesktop.TestCases.TC_Login2.test_Login(TC_Login2.java:18)
at com.p360.userdesktop.TestCases.TC_Login2.test_Login(TC_Login2.java:18)
at com.p360.userdesktop.TestCases.TC_Login2.test_Login(TC_Login2.java:18)
at com.p360.userdesktop.TestCases.TC_Login2.test_Login(TC_Login2.java:18)
at com.p360.userdesktop.TestCases.TC_Login2.test_Login(TC_Login2.java:18)
at com.p360.userdesktop.TestCases.TC_Login2.test_Login(TC_Login2.java:18)
at com.p360.userdesktop.TestCases.TC_Login2.test_Login(TC_Login2.java:18)
at com.p360.userdesktop.TestCases.TC_Login2.test_Login(TC_Login2.java:18)
at com.p360.userdesktop.TestCases.TC_Login2.test_Login(TC_Login2.java:18)
at com.p360.userdesktop.TestCases.TC_Login2.test_Login(TC_Login2.java:18)
at com.p360.userdesktop.TestCases.TC_Login2.test_Login(TC_Login2.java:18)
at com.p360.userdesktop.TestCases.TC_Login2.test_Login(TC_Login2.java:18)
at com.p360.userdesktop.TestCases.TC_Login2.test_Login(TC_Login2.java:18)
at com.p360.userdesktop.TestCases.TC_Login2.test_Login(TC_Login2.java:18)
at com.p360.userdesktop.TestCases.TC_Login2.test_Login(TC_Login2.java:18)
at com.p360.userdesktop.TestCases.TC_Login2.test_Login(TC_Login2.java:18)
at com.p360.userdesktop.TestCases.TC_Login2.test_Login(TC_Login2.java:18)
at com.p360.userdesktop.TestCases.TC_Login2.test_Login(TC_Login2.java:18)
at com.p360.userdesktop.TestCases.TC_Login2.test_Login(TC_Login2.java:18)
at com.p360.userdesktop.TestCases.TC_Login2.test_Login(TC_Login2.java:18)
at com.p360.userdesktop.TestCases.TC_Login2.test_Login(TC_Login2.java:18)
at com.p360.userdesktop.TestCases.TC_Login2.test_Login(TC_Login2.java:18)
at com.p360.userdesktop.TestCases.TC_Login2.test_Login(TC_Login2.java:18)
at com.p360.userdesktop.TestCases.TC_Login2.test_Login(TC_Login2.java:18)
at com.p360.userdesktop.TestCases.TC_Login2.test_Login(TC_Login2.java:18)
at com.p360.userdesktop.TestCases.TC_Login2.test_Login(TC_Login2.java:18)
at com.p360.userdesktop.TestCases.TC_Login2.test_Login(TC_Login2.java:18)
at com.p360.userdesktop.TestCases.TC_Login2.test_Login(TC_Login2.java:18)
at com.p360.userdesktop.TestCases.TC_Login2.test_Login(TC_Login2.java:18)
at com.p360.userdesktop.TestCases.TC_Login2.test_Login(TC_Login2.java:18)
at com.p360.userdesktop.TestCases.TC_Login2.test_Login(TC_Login2.java:18)
at com.p360.userdesktop.TestCases.TC_Login2.test_Login(TC_Login2.java:18)
at com.p360.userdesktop.TestCases.TC_Login2.test_Login(TC_Login2.java:18)
at com.p360.userdesktop.TestCases.TC_Login2.test_Login(TC_Login2.java:18)
at com.p360.userdesktop.TestCases.TC_Login2.test_Login(TC_Login2.java:18)
at com.p360.userdesktop.TestCases.TC_Login2.test_Login(TC_Login2.java:18)
at com.p360.userdesktop.TestCases.TC_Login2.test_Login(TC_Login2.java:18)
at com.p360.userdesktop.TestCases.TC_Login2.test_Login(TC_Login2.java:18)
at com.p360.userdesktop.TestCases.TC_Login2.test_Login(TC_Login2.java:18)
at com.p360.userdesktop.TestCases.TC_Login2.test_Login(TC_Login2.java:18)
at com.p360.userdesktop.TestCases.TC_Login2.test_Login(TC_Login2.java:18)
at com.p360.userdesktop.TestCases.TC_Login2.test_Login(TC_Login2.java:18)
at com.p360.userdesktop.TestCases.TC_Login2.test_Login(TC_Login2.java:18)
at com.p360.userdesktop.TestCases.TC_Login2.test_Login(TC_Login2.java:18)
at com.p360.userdesktop.TestCases.TC_Login2.test_Login(TC_Login2.java:18)
at com.p360.userdesktop.TestCases.TC_Login2.test_Login(TC_Login2.java:18)
at com.p360.userdesktop.TestCases.TC_Login2.test_Login(TC_Login2.java:18)
at com.p360.userdesktop.TestCases.TC_Login2.test_Login(TC_Login2.java:18)
at com.p360.userdesktop.TestCases.TC_Login2.test_Login(TC_Login2.java:18)
at com.p360.userdesktop.TestCases.TC_Login2.test_Login(TC_Login2.java:18)
at com.p360.userdesktop.TestCases.TC_Login2.test_Login(TC_Login2.java:18)
at com.p360.userdesktop.TestCases.TC_Login2.test_Login(TC_Login2.java:18)
at com.p360.userdesktop.TestCases.TC_Login2.test_Login(TC_Login2.java:18)
at com.p360.userdesktop.TestCases.TC_Login2.test_Login(TC_Login2.java:18)
at com.p360.userdesktop.TestCases.TC_Login2.test_Login(TC_Login2.java:18)
at com.p360.userdesktop.TestCases.TC_Login2.test_Login(TC_Login2.java:18)
at com.p360.userdesktop.TestCases.TC_Login2.test_Login(TC_Login2.java:18)
at com.p360.userdesktop.TestCases.TC_Login2.test_Login(TC_Login2.java:18)
at com.p360.userdesktop.TestCases.TC_Login2.test_Login(TC_Login2.java:18)
at com.p360.userdesktop.TestCases.TC_Login2.test_Login(TC_Login2.java:18)
at com.p360.userdesktop.TestCases.TC_Login2.test_Login(TC_Login2.java:18)
at com.p360.userdesktop.TestCases.TC_Login2.test_Login(TC_Login2.java:18)
at com.p360.userdesktop.TestCases.TC_Login2.test_Login(TC_Login2.java:18)
at com.p360.userdesktop.TestCases.TC_Login2.test_Login(TC_Login2.java:18)
at com.p360.userdesktop.TestCases.TC_Login2.test_Login(TC_Login2.java:18)
at com.p360.userdesktop.TestCases.TC_Login2.test_Login(TC_Login2.java:18)
at com.p360.userdesktop.TestCases.TC_Login2.test_Login(TC_Login2.java:18)
at com.p360.userdesktop.TestCases.TC_Login2.test_Login(TC_Login2.java:18)
at com.p360.userdesktop.TestCases.TC_Login2.test_Login(TC_Login2.java:18)
at com.p360.userdesktop.TestCases.TC_Login2.test_Login(TC_Login2.java:18)
at com.p360.userdesktop.TestCases.TC_Login2.test_Login(TC_Login2.java:18)
at com.p360.userdesktop.TestCases.TC_Login2.test_Login(TC_Login2.java:18)
at com.p360.userdesktop.TestCases.TC_Login2.test_Login(TC_Login2.java:18)
at com.p360.userdesktop.TestCases.TC_Login2.test_Login(TC_Login2.java:18)
at com.p360.userdesktop.TestCases.TC_Login2.test_Login(TC_Login2.java:18)
at com.p360.userdesktop.TestCases.TC_Login2.test_Login(TC_Login2.java:18)
at com.p360.userdesktop.TestCases.TC_Login2.test_Login(TC_Login2.java:18)
at com.p360.userdesktop.TestCases.TC_Login2.test_Login(TC_Login2.java:18)
at com.p360.userdesktop.TestCases.TC_Login2.test_Login(TC_Login2.java:18)
at com.p360.userdesktop.TestCases.TC_Login2.test_Login(TC_Login2.java:18)
at com.p360.userdesktop.TestCases.TC_Login2.test_Login(TC_Login2.java:18)
at com.p360.userdesktop.TestCases.TC_Login2.test_Login(TC_Login2.java:18)
at com.p360.userdesktop.TestCases.TC_Login2.test_Login(TC_Login2.java:18)
at com.p360.userdesktop.TestCases.TC_Login2.test_Login(TC_Login2.java:18)
at com.p360.userdesktop.TestCases.TC_Login2.test_Login(TC_Login2.java:18)
at com.p360.userdesktop.TestCases.TC_Login2.test_Login(TC_Login2.java:18)
at com.p360.userdesktop.TestCases.TC_Login2.test_Login(TC_Login2.java:18)
at com.p360.userdesktop.TestCases.TC_Login2.test_Login(TC_Login2.java:18)
at com.p360.userdesktop.TestCases.TC_Login2.test_Login(TC_Login2.java:18)
at com.p360.userdesktop.TestCases.TC_Login2.test_Login(TC_Login2.java:18)
at com.p360.userdesktop.TestCases.TC_Login2.test_Login(TC_Login2.java:18)
at com.p360.userdesktop.TestCases.TC_Login2.test_Login(TC_Login2.java:18)
at com.p360.userdesktop.TestCases.TC_Login2.test_Login(TC_Login2.java:18)
at com.p360.userdesktop.TestCases.TC_Login2.test_Login(TC_Login2.java:18)
at com.p360.userdesktop.TestCases.TC_Login2.test_Login(TC_Login2.java:18)
at com.p360.userdesktop.TestCases.TC_Login2.test_Login(TC_Login2.java:18)
at com.p360.userdesktop.TestCases.TC_Login2.test_Login(TC_Login2.java:18)
at com.p360.userdesktop.TestCases.TC_Login2.test_Login(TC_Login2.java:18)
at com.p360.userdesktop.TestCases.TC_Login2.test_Login(TC_Login2.java:18)
at com.p360.userdesktop.TestCases.TC_Login2.test_Login(TC_Login2.java:18)
at com.p360.userdesktop.TestCases.TC_Login2.test_Login(TC_Login2.java:18)
at com.p360.userdesktop.TestCases.TC_Login2.test_Login(TC_Login2.java:18)
at com.p360.userdesktop.TestCases.TC_Login2.test_Login(TC_Login2.java:18)
at com.p360.userdesktop.TestCases.TC_Login2.test_Login(TC_Login2.java:18)
at com.p360.userdesktop.TestCases.TC_Login2.test_Login(TC_Login2.java:18)
at com.p360.userdesktop.TestCases.TC_Login2.test_Login(TC_Login2.java:18)
at com.p360.userdesktop.TestCases.TC_Login2.test_Login(TC_Login2.java:18)
at com.p360.userdesktop.TestCases.TC_Login2.test_Login(TC_Login2.java:18)
at com.p360.userdesktop.TestCases.TC_Login2.test_Login(TC_Login2.java:18)
at com.p360.userdesktop.TestCases.TC_Login2.test_Login(TC_Login2.java:18)
at com.p360.userdesktop.TestCases.TC_Login2.test_Login(TC_Login2.java:18)
at com.p360.userdesktop.TestCases.TC_Login2.test_Login(TC_Login2.java:18)
at com.p360.userdesktop.TestCases.TC_Login2.test_Login(TC_Login2.java:18)
at com.p360.userdesktop.TestCases.TC_Login2.test_Login(TC_Login2.java:18)
at com.p360.userdesktop.TestCases.TC_Login2.test_Login(TC_Login2.java:18)
at com.p360.userdesktop.TestCases.TC_Login2.test_Login(TC_Login2.java:18)
at com.p360.userdesktop.TestCases.TC_Login2.test_Login(TC_Login2.java:18)
at com.p360.userdesktop.TestCases.TC_Login2.test_Login(TC_Login2.java:18)
at com.p360.userdesktop.TestCases.TC_Login2.test_Login(TC_Login2.java:18)
at com.p360.userdesktop.TestCases.TC_Login2.test_Login(TC_Login2.java:18)
at com.p360.userdesktop.TestCases.TC_Login2.test_Login(TC_Login2.java:18)
at com.p360.userdesktop.TestCases.TC_Login2.test_Login(TC_Login2.java:18)
at com.p360.userdesktop.TestCases.TC_Login2.test_Login(TC_Login2.java:18)
at com.p360.userdesktop.TestCases.TC_Login2.test_Login(TC_Login2.java:18)
at com.p360.userdesktop.TestCases.TC_Login2.test_Login(TC_Login2.java:18)
at com.p360.userdesktop.TestCases.TC_Login2.test_Login(TC_Login2.java:18)
at com.p360.userdesktop.TestCases.TC_Login2.test_Login(TC_Login2.java:18)
at com.p360.userdesktop.TestCases.TC_Login2.test_Login(TC_Login2.java:18)
at com.p360.userdesktop.TestCases.TC_Login2.test_Login(TC_Login2.java:18)
at com.p360.userdesktop.TestCases.TC_Login2.test_Login(TC_Login2.java:18)
at com.p360.userdesktop.TestCases.TC_Login2.test_Login(TC_Login2.java:18)
at com.p360.userdesktop.TestCases.TC_Login2.test_Login(TC_Login2.java:18)
at com.p360.userdesktop.TestCases.TC_Login2.test_Login(TC_Login2.java:18)
at com.p360.userdesktop.TestCases.TC_Login2.test_Login(TC_Login2.java:18)
at com.p360.userdesktop.TestCases.TC_Login2.test_Login(TC_Login2.java:18)
at com.p360.userdesktop.TestCases.TC_Login2.test_Login(TC_Login2.java:18)
at com.p360.userdesktop.TestCases.TC_Login2.test_Login(TC_Login2.java:18)
at com.p360.userdesktop.TestCases.TC_Login2.test_Login(TC_Login2.java:18)
at com.p360.userdesktop.TestCases.TC_Login2.test_Login(TC_Login2.java:18)
at com.p360.userdesktop.TestCases.TC_Login2.test_Login(TC_Login2.java:18)
at com.p360.userdesktop.TestCases.TC_Login2.test_Login(TC_Login2.java:18)
at com.p360.userdesktop.TestCases.TC_Login2.test_Login(TC_Login2.java:18)
at com.p360.userdesktop.TestCases.TC_Login2.test_Login(TC_Login2.java:18)
at com.p360.userdesktop.TestCases.TC_Login2.test_Login(TC_Login2.java:18)
at com.p360.userdesktop.TestCases.TC_Login2.test_Login(TC_Login2.java:18)
at com.p360.userdesktop.TestCases.TC_Login2.test_Login(TC_Login2.java:18)
at com.p360.userdesktop.TestCases.TC_Login2.test_Login(TC_Login2.java:18)
at com.p360.userdesktop.TestCases.TC_Login2.test_Login(TC_Login2.java:18)
at com.p360.userdesktop.TestCases.TC_Login2.test_Login(TC_Login2.java:18)
at com.p360.userdesktop.TestCases.TC_Login2.test_Login(TC_Login2.java:18)
at com.p360.userdesktop.TestCases.TC_Login2.test_Login(TC_Login2.java:18)
at com.p360.userdesktop.TestCases.TC_Login2.test_Login(TC_Login2.java:18)
at com.p360.userdesktop.TestCases.TC_Login2.test_Login(TC_Login2.java:18)
at com.p360.userdesktop.TestCases.TC_Login2.test_Login(TC_Login2.java:18)
at com.p360.userdesktop.TestCases.TC_Login2.test_Login(TC_Login2.java:18)
at com.p360.userdesktop.TestCases.TC_Login2.test_Login(TC_Login2.java:18)
at com.p360.userdesktop.TestCases.TC_Login2.test_Login(TC_Login2.java:18)
at com.p360.userdesktop.TestCases.TC_Login2.test_Login(TC_Login2.java:18)
at com.p360.userdesktop.TestCases.TC_Login2.test_Login(TC_Login2.java:18)
at com.p360.userdesktop.TestCases.TC_Login2.test_Login(TC_Login2.java:18)
at com.p360.userdesktop.TestCases.TC_Login2.test_Login(TC_Login2.java:18)
at com.p360.userdesktop.TestCases.TC_Login2.test_Login(TC_Login2.java:18)
at com.p360.userdesktop.TestCases.TC_Login2.test_Login(TC_Login2.java:18)
at com.p360.userdesktop.TestCases.TC_Login2.test_Login(TC_Login2.java:18)
at com.p360.userdesktop.TestCases.TC_Login2.test_Login(TC_Login2.java:18)
at com.p360.userdesktop.TestCases.TC_Login2.test_Login(TC_Login2.java:18)
at com.p360.userdesktop.TestCases.TC_Login2.test_Login(TC_Login2.java:18)
at com.p360.userdesktop.TestCases.TC_Login2.test_Login(TC_Login2.java:18)
at com.p360.userdesktop.TestCases.TC_Login2.test_Login(TC_Login2.java:18)
at com.p360.userdesktop.TestCases.TC_Login2.test_Login(TC_Login2.java:18)
at com.p360.userdesktop.TestCases.TC_Login2.test_Login(TC_Login2.java:18)
at com.p360.userdesktop.TestCases.TC_Login2.test_Login(TC_Login2.java:18)
at com.p360.userdesktop.TestCases.TC_Login2.test_Login(TC_Login2.java:18)
at com.p360.userdesktop.TestCases.TC_Login2.test_Login(TC_Login2.java:18)
at com.p360.userdesktop.TestCases.TC_Login2.test_Login(TC_Login2.java:18)
at com.p360.userdesktop.TestCases.TC_Login2.test_Login(TC_Login2.java:18)
at com.p360.userdesktop.TestCases.TC_Login2.test_Login(TC_Login2.java:18)
at com.p360.userdesktop.TestCases.TC_Login2.test_Login(TC_Login2.java:18)
at com.p360.userdesktop.TestCases.TC_Login2.test_Login(TC_Login2.java:18)
at com.p360.userdesktop.TestCases.TC_Login2.test_Login(TC_Login2.java:18)
at com.p360.userdesktop.TestCases.TC_Login2.test_Login(TC_Login2.java:18)
at com.p360.userdesktop.TestCases.TC_Login2.test_Login(TC_Login2.java:18)
at com.p360.userdesktop.TestCases.TC_Login2.test_Login(TC_Login2.java:18)
at com.p360.userdesktop.TestCases.TC_Login2.test_Login(TC_Login2.java:18)
at com.p360.userdesktop.TestCases.TC_Login2.test_Login(TC_Login2.java:18)
at com.p360.userdesktop.TestCases.TC_Login2.test_Login(TC_Login2.java:18)
at com.p360.userdesktop.TestCases.TC_Login2.test_Login(TC_Login2.java:18)
at com.p360.userdesktop.TestCases.TC_Login2.test_Login(TC_Login2.java:18)
at com.p360.userdesktop.TestCases.TC_Login2.test_Login(TC_Login2.java:18)
at com.p360.userdesktop.TestCases.TC_Login2.test_Login(TC_Login2.java:18)
at com.p360.userdesktop.TestCases.TC_Login2.test_Login(TC_Login2.java:18)
at com.p360.userdesktop.TestCases.TC_Login2.test_Login(TC_Login2.java:18)
at com.p360.userdesktop.TestCases.TC_Login2.test_Login(TC_Login2.java:18)
at com.p360.userdesktop.TestCases.TC_Login2.test_Login(TC_Login2.java:18)
at com.p360.userdesktop.TestCases.TC_Login2.test_Login(TC_Login2.java:18)
at com.p360.userdesktop.TestCases.TC_Login2.test_Login(TC_Login2.java:18)
at com.p360.userdesktop.TestCases.TC_Login2.test_Login(TC_Login2.java:18)
at com.p360.userdesktop.TestCases.TC_Login2.test_Login(TC_Login2.java:18)
at com.p360.userdesktop.TestCases.TC_Login2.test_Login(TC_Login2.java:18)
at com.p360.userdesktop.TestCases.TC_Login2.test_Login(TC_Login2.java:18)
at com.p360.userdesktop.TestCases.TC_Login2.test_Login(TC_Login2.java:18)
at com.p360.userdesktop.TestCases.TC_Login2.test_Login(TC_Login2.java:18)
at com.p360.userdesktop.TestCases.TC_Login2.test_Login(TC_Login2.java:18)
at com.p360.userdesktop.TestCases.TC_Login2.test_Login(TC_Login2.java:18)
at com.p360.userdesktop.TestCases.TC_Login2.test_Login(TC_Login2.java:18)
at com.p360.userdesktop.TestCases.TC_Login2.test_Login(TC_Login2.java:18)
at com.p360.userdesktop.TestCases.TC_Login2.test_Login(TC_Login2.java:18)
at com.p360.userdesktop.TestCases.TC_Login2.test_Login(TC_Login2.java:18)
at com.p360.userdesktop.TestCases.TC_Login2.test_Login(TC_Login2.java:18)
at com.p360.userdesktop.TestCases.TC_Login2.test_Login(TC_Login2.java:18)
at com.p360.userdesktop.TestCases.TC_Login2.test_Login(TC_Login2.java:18)
at com.p360.userdesktop.TestCases.TC_Login2.test_Login(TC_Login2.java:18)
at com.p360.userdesktop.TestCases.TC_Login2.test_Login(TC_Login2.java:18)
at com.p360.userdesktop.TestCases.TC_Login2.test_Login(TC_Login2.java:18)
at com.p360.userdesktop.TestCases.TC_Login2.test_Login(TC_Login2.java:18)
at com.p360.userdesktop.TestCases.TC_Login2.test_Login(TC_Login2.java:18)
at com.p360.userdesktop.TestCases.TC_Login2.test_Login(TC_Login2.java:18)
at com.p360.userdesktop.TestCases.TC_Login2.test_Login(TC_Login2.java:18)
at com.p360.userdesktop.TestCases.TC_Login2.test_Login(TC_Login2.java:18)
at com.p360.userdesktop.TestCases.TC_Login2.test_Login(TC_Login2.java:18)
at com.p360.userdesktop.TestCases.TC_Login2.test_Login(TC_Login2.java:18)
at com.p360.userdesktop.TestCases.TC_Login2.test_Login(TC_Login2.java:18)
at com.p360.userdesktop.TestCases.TC_Login2.test_Login(TC_Login2.java:18)
at com.p360.userdesktop.TestCases.TC_Login2.test_Login(TC_Login2.java:18)
at com.p360.userdesktop.TestCases.TC_Login2.test_Login(TC_Login2.java:18)
at com.p360.userdesktop.TestCases.TC_Login2.test_Login(TC_Login2.java:18)
at com.p360.userdesktop.TestCases.TC_Login2.test_Login(TC_Login2.java:18)
at com.p360.userdesktop.TestCases.TC_Login2.test_Login(TC_Login2.java:18)
at com.p360.userdesktop.TestCases.TC_Login2.test_Login(TC_Login2.java:18)
at com.p360.userdesktop.TestCases.TC_Login2.test_Login(TC_Login2.java:18)
at com.p360.userdesktop.TestCases.TC_Login2.test_Login(TC_Login2.java:18)
at com.p360.userdesktop.TestCases.TC_Login2.test_Login(TC_Login2.java:18)
at com.p360.userdesktop.TestCases.TC_Login2.test_Login(TC_Login2.java:18)
at com.p360.userdesktop.TestCases.TC_Login2.test_Login(TC_Login2.java:18)
at com.p360.userdesktop.TestCases.TC_Login2.test_Login(TC_Login2.java:18)
at com.p360.userdesktop.TestCases.TC_Login2.test_Login(TC_Login2.java:18)
at com.p360.userdesktop.TestCases.TC_Login2.test_Login(TC_Login2.java:18)
at com.p360.userdesktop.TestCases.TC_Login2.test_Login(TC_Login2.java:18)
at com.p360.userdesktop.TestCases.TC_Login2.test_Login(TC_Login2.java:18)
at com.p360.userdesktop.TestCases.TC_Login2.test_Login(TC_Login2.java:18)
at com.p360.userdesktop.TestCases.TC_Login2.test_Login(TC_Login2.java:18)
at com.p360.userdesktop.TestCases.TC_Login2.test_Login(TC_Login2.java:18)
at com.p360.userdesktop.TestCases.TC_Login2.test_Login(TC_Login2.java:18)
at com.p360.userdesktop.TestCases.TC_Login2.test_Login(TC_Login2.java:18)
at com.p360.userdesktop.TestCases.TC_Login2.test_Login(TC_Login2.java:18)
at com.p360.userdesktop.TestCases.TC_Login2.test_Login(TC_Login2.java:18)
at com.p360.userdesktop.TestCases.TC_Login2.test_Login(TC_Login2.java:18)
at com.p360.userdesktop.TestCases.TC_Login2.test_Login(TC_Login2.java:18)
at com.p360.userdesktop.TestCases.TC_Login2.test_Login(TC_Login2.java:18)
at com.p360.userdesktop.TestCases.TC_Login2.test_Login(TC_Login2.java:18)
at com.p360.userdesktop.TestCases.TC_Login2.test_Login(TC_Login2.java:18)
at com.p360.userdesktop.TestCases.TC_Login2.test_Login(TC_Login2.java:18)
at com.p360.userdesktop.TestCases.TC_Login2.test_Login(TC_Login2.java:18)
at com.p360.userdesktop.TestCases.TC_Login2.test_Login(TC_Login2.java:18)
at com.p360.userdesktop.TestCases.TC_Login2.test_Login(TC_Login2.java:18)
at com.p360.userdesktop.TestCases.TC_Login2.test_Login(TC_Login2.java:18)
at com.p360.userdesktop.TestCases.TC_Login2.test_Login(TC_Login2.java:18)
at com.p360.userdesktop.TestCases.TC_Login2.test_Login(TC_Login2.java:18)
at com.p360.userdesktop.TestCases.TC_Login2.test_Login(TC_Login2.java:18)
at com.p360.userdesktop.TestCases.TC_Login2.test_Login(TC_Login2.java:18)
at com.p360.userdesktop.TestCases.TC_Login2.test_Login(TC_Login2.java:18)
at com.p360.userdesktop.TestCases.TC_Login2.test_Login(TC_Login2.java:18)
at com.p360.userdesktop.TestCases.TC_Login2.test_Login(TC_Login2.java:18)
at com.p360.userdesktop.TestCases.TC_Login2.test_Login(TC_Login2.java:18)
at com.p360.userdesktop.TestCases.TC_Login2.test_Login(TC_Login2.java:18)
at com.p360.userdesktop.TestCases.TC_Login2.test_Login(TC_Login2.java:18)
at com.p360.userdesktop.TestCases.TC_Login2.test_Login(TC_Login2.java:18)
at com.p360.userdesktop.TestCases.TC_Login2.test_Login(TC_Login2.java:18)
at com.p360.userdesktop.TestCases.TC_Login2.test_Login(TC_Login2.java:18)
at com.p360.userdesktop.TestCases.TC_Login2.test_Login(TC_Login2.java:18)
at com.p360.userdesktop.TestCases.TC_Login2.test_Login(TC_Login2.java:18)
at com.p360.userdesktop.TestCases.TC_Login2.test_Login(TC_Login2.java:18)
at com.p360.userdesktop.TestCases.TC_Login2.test_Login(TC_Login2.java:18)
at com.p360.userdesktop.TestCases.TC_Login2.test_Login(TC_Login2.java:18)
at com.p360.userdesktop.TestCases.TC_Login2.test_Login(TC_Login2.java:18)
at com.p360.userdesktop.TestCases.TC_Login2.test_Login(TC_Login2.java:18)
at com.p360.userdesktop.TestCases.TC_Login2.test_Login(TC_Login2.java:18)
at com.p360.userdesktop.TestCases.TC_Login2.test_Login(TC_Login2.java:18)
at com.p360.userdesktop.TestCases.TC_Login2.test_Login(TC_Login2.java:18)
at com.p360.userdesktop.TestCases.TC_Login2.test_Login(TC_Login2.java:18)
at com.p360.userdesktop.TestCases.TC_Login2.test_Login(TC_Login2.java:18)
at com.p360.userdesktop.TestCases.TC_Login2.test_Login(TC_Login2.java:18)
at com.p360.userdesktop.TestCases.TC_Login2.test_Login(TC_Login2.java:18)
at com.p360.userdesktop.TestCases.TC_Login2.test_Login(TC_Login2.java:18)
at com.p360.userdesktop.TestCases.TC_Login2.test_Login(TC_Login2.java:18)
at com.p360.userdesktop.TestCases.TC_Login2.test_Login(TC_Login2.java:18)
at com.p360.userdesktop.TestCases.TC_Login2.test_Login(TC_Login2.java:18)
at com.p360.userdesktop.TestCases.TC_Login2.test_Login(TC_Login2.java:18)
at com.p360.userdesktop.TestCases.TC_Login2.test_Login(TC_Login2.java:18)
at com.p360.userdesktop.TestCases.TC_Login2.test_Login(TC_Login2.java:18)
at com.p360.userdesktop.TestCases.TC_Login2.test_Login(TC_Login2.java:18)
at com.p360.userdesktop.TestCases.TC_Login2.test_Login(TC_Login2.java:18)
at com.p360.userdesktop.TestCases.TC_Login2.test_Login(TC_Login2.java:18)
at com.p360.userdesktop.TestCases.TC_Login2.test_Login(TC_Login2.java:18)
at com.p360.userdesktop.TestCases.TC_Login2.test_Login(TC_Login2.java:18)
at com.p360.userdesktop.TestCases.TC_Login2.test_Login(TC_Login2.java:18)
at com.p360.userdesktop.TestCases.TC_Login2.test_Login(TC_Login2.java:18)
at com.p360.userdesktop.TestCases.TC_Login2.test_Login(TC_Login2.java:18)
at com.p360.userdesktop.TestCases.TC_Login2.test_Login(TC_Login2.java:18)
at com.p360.userdesktop.TestCases.TC_Login2.test_Login(TC_Login2.java:18)
at com.p360.userdesktop.TestCases.TC_Login2.test_Login(TC_Login2.java:18)
at com.p360.userdesktop.TestCases.TC_Login2.test_Login(TC_Login2.java:18)
at com.p360.userdesktop.TestCases.TC_Login2.test_Login(TC_Login2.java:18)
at com.p360.userdesktop.TestCases.TC_Login2.test_Login(TC_Login2.java:18)
at com.p360.userdesktop.TestCases.TC_Login2.test_Login(TC_Login2.java:18)
at com.p360.userdesktop.TestCases.TC_Login2.test_Login(TC_Login2.java:18)
at com.p360.userdesktop.TestCases.TC_Login2.test_Login(TC_Login2.java:18)
at com.p360.userdesktop.TestCases.TC_Login2.test_Login(TC_Login2.java:18)
at com.p360.userdesktop.TestCases.TC_Login2.test_Login(TC_Login2.java:18)
at com.p360.userdesktop.TestCases.TC_Login2.test_Login(TC_Login2.java:18)
at com.p360.userdesktop.TestCases.TC_Login2.test_Login(TC_Login2.java:18)
at com.p360.userdesktop.TestCases.TC_Login2.test_Login(TC_Login2.java:18)
at com.p360.userdesktop.TestCases.TC_Login2.test_Login(TC_Login2.java:18)
at com.p360.userdesktop.TestCases.TC_Login2.test_Login(TC_Login2.java:18)
at com.p360.userdesktop.TestCases.TC_Login2.test_Login(TC_Login2.java:18)
at com.p360.userdesktop.TestCases.TC_Login2.test_Login(TC_Login2.java:18)
at com.p360.userdesktop.TestCases.TC_Login2.test_Login(TC_Login2.java:18)
at com.p360.userdesktop.TestCases.TC_Login2.test_Login(TC_Login2.java:18)
at com.p360.userdesktop.TestCases.TC_Login2.test_Login(TC_Login2.java:18)
at com.p360.userdesktop.TestCases.TC_Login2.test_Login(TC_Login2.java:18)
at com.p360.userdesktop.TestCases.TC_Login2.test_Login(TC_Login2.java:18)
at com.p360.userdesktop.TestCases.TC_Login2.test_Login(TC_Login2.java:18)
at com.p360.userdesktop.TestCases.TC_Login2.test_Login(TC_Login2.java:18)
at com.p360.userdesktop.TestCases.TC_Login2.test_Login(TC_Login2.java:18)
at com.p360.userdesktop.TestCases.TC_Login2.test_Login(TC_Login2.java:18)
at com.p360.userdesktop.TestCases.TC_Login2.test_Login(TC_Login2.java:18)
at com.p360.userdesktop.TestCases.TC_Login2.test_Login(TC_Login2.java:18)
at com.p360.userdesktop.TestCases.TC_Login2.test_Login(TC_Login2.java:18)
at com.p360.userdesktop.TestCases.TC_Login2.test_Login(TC_Login2.java:18)
at com.p360.userdesktop.TestCases.TC_Login2.test_Login(TC_Login2.java:18)
at com.p360.userdesktop.TestCases.TC_Login2.test_Login(TC_Login2.java:18)
at com.p360.userdesktop.TestCases.TC_Login2.test_Login(TC_Login2.java:18)
at com.p360.userdesktop.TestCases.TC_Login2.test_Login(TC_Login2.java:18)
at com.p360.userdesktop.TestCases.TC_Login2.test_Login(TC_Login2.java:18)
at com.p360.userdesktop.TestCases.TC_Login2.test_Login(TC_Login2.java:18)
at com.p360.userdesktop.TestCases.TC_Login2.test_Login(TC_Login2.java:18)
at com.p360.userdesktop.TestCases.TC_Login2.test_Login(TC_Login2.java:18)
at com.p360.userdesktop.TestCases.TC_Login2.test_Login(TC_Login2.java:18)
at com.p360.userdesktop.TestCases.TC_Login2.test_Login(TC_Login2.java:18)
at com.p360.userdesktop.TestCases.TC_Login2.test_Login(TC_Login2.java:18)
at com.p360.userdesktop.TestCases.TC_Login2.test_Login(TC_Login2.java:18)
at com.p360.userdesktop.TestCases.TC_Login2.test_Login(TC_Login2.java:18)
at com.p360.userdesktop.TestCases.TC_Login2.test_Login(TC_Login2.java:18)
at com.p360.userdesktop.TestCases.TC_Login2.test_Login(TC_Login2.java:18)
at com.p360.userdesktop.TestCases.TC_Login2.test_Login(TC_Login2.java:18)
at com.p360.userdesktop.TestCases.TC_Login2.test_Login(TC_Login2.java:18)
at com.p360.userdesktop.TestCases.TC_Login2.test_Login(TC_Login2.java:18)
at com.p360.userdesktop.TestCases.TC_Login2.test_Login(TC_Login2.java:18)
at com.p360.userdesktop.TestCases.TC_Login2.test_Login(TC_Login2.java:18)
at com.p360.userdesktop.TestCases.TC_Login2.test_Login(TC_Login2.java:18)
at com.p360.userdesktop.TestCases.TC_Login2.test_Login(TC_Login2.java:18)
at com.p360.userdesktop.TestCases.TC_Login2.test_Login(TC_Login2.java:18)
at com.p360.userdesktop.TestCases.TC_Login2.test_Login(TC_Login2.java:18)
at com.p360.userdesktop.TestCases.TC_Login2.test_Login(TC_Login2.java:18)
at com.p360.userdesktop.TestCases.TC_Login2.test_Login(TC_Login2.java:18)
at com.p360.userdesktop.TestCases.TC_Login2.test_Login(TC_Login2.java:18)
at com.p360.userdesktop.TestCases.TC_Login2.test_Login(TC_Login2.java:18)
at com.p360.userdesktop.TestCases.TC_Login2.test_Login(TC_Login2.java:18)
at com.p360.userdesktop.TestCases.TC_Login2.test_Login(TC_Login2.java:18)
at com.p360.userdesktop.TestCases.TC_Login2.test_Login(TC_Login2.java:18)
at com.p360.userdesktop.TestCases.TC_Login2.test_Login(TC_Login2.java:18)
at com.p360.userdesktop.TestCases.TC_Login2.test_Login(TC_Login2.java:18)
at com.p360.userdesktop.TestCases.TC_Login2.test_Login(TC_Login2.java:18)
at com.p360.userdesktop.TestCases.TC_Login2.test_Login(TC_Login2.java:18)
at com.p360.userdesktop.TestCases.TC_Login2.test_Login(TC_Login2.java:18)
at com.p360.userdesktop.TestCases.TC_Login2.test_Login(TC_Login2.java:18)
at com.p360.userdesktop.TestCases.TC_Login2.test_Login(TC_Login2.java:18)
at com.p360.userdesktop.TestCases.TC_Login2.test_Login(TC_Login2.java:18)
at com.p360.userdesktop.TestCases.TC_Login2.test_Login(TC_Login2.java:18)
at com.p360.userdesktop.TestCases.TC_Login2.test_Login(TC_Login2.java:18)
at com.p360.userdesktop.TestCases.TC_Login2.test_Login(TC_Login2.java:18)
at com.p360.userdesktop.TestCases.TC_Login2.test_Login(TC_Login2.java:18)
at com.p360.userdesktop.TestCases.TC_Login2.test_Login(TC_Login2.java:18)
at com.p360.userdesktop.TestCases.TC_Login2.test_Login(TC_Login2.java:18)
at com.p360.userdesktop.TestCases.TC_Login2.test_Login(TC_Login2.java:18)
at com.p360.userdesktop.TestCases.TC_Login2.test_Login(TC_Login2.java:18)
at com.p360.userdesktop.TestCases.TC_Login2.test_Login(TC_Login2.java:18)
at com.p360.userdesktop.TestCases.TC_Login2.test_Login(TC_Login2.java:18)
at com.p360.userdesktop.TestCases.TC_Login2.test_Login(TC_Login2.java:18)
at com.p360.userdesktop.TestCases.TC_Login2.test_Login(TC_Login2.java:18)
at com.p360.userdesktop.TestCases.TC_Login2.test_Login(TC_Login2.java:18)
at com.p360.userdesktop.TestCases.TC_Login2.test_Login(TC_Login2.java:18)
at com.p360.userdesktop.TestCases.TC_Login2.test_Login(TC_Login2.java:18)
at com.p360.userdesktop.TestCases.TC_Login2.test_Login(TC_Login2.java:18)
at com.p360.userdesktop.TestCases.TC_Login2.test_Login(TC_Login2.java:18)
at com.p360.userdesktop.TestCases.TC_Login2.test_Login(TC_Login2.java:18)
at com.p360.userdesktop.TestCases.TC_Login2.test_Login(TC_Login2.java:18)
at com.p360.userdesktop.TestCases.TC_Login2.test_Login(TC_Login2.java:18)
at com.p360.userdesktop.TestCases.TC_Login2.test_Login(TC_Login2.java:18)
at com.p360.userdesktop.TestCases.TC_Login2.test_Login(TC_Login2.java:18)
at com.p360.userdesktop.TestCases.TC_Login2.test_Login(TC_Login2.java:18)
at com.p360.userdesktop.TestCases.TC_Login2.test_Login(TC_Login2.java:18)
at com.p360.userdesktop.TestCases.TC_Login2.test_Login(TC_Login2.java:18)
at com.p360.userdesktop.TestCases.TC_Login2.test_Login(TC_Login2.java:18)
at com.p360.userdesktop.TestCases.TC_Login2.test_Login(TC_Login2.java:18)
at com.p360.userdesktop.TestCases.TC_Login2.test_Login(TC_Login2.java:18)
at com.p360.userdesktop.TestCases.TC_Login2.test_Login(TC_Login2.java:18)
at com.p360.userdesktop.TestCases.TC_Login2.test_Login(TC_Login2.java:18)
at com.p360.userdesktop.TestCases.TC_Login2.test_Login(TC_Login2.java:18)
at com.p360.userdesktop.TestCases.TC_Login2.test_Login(TC_Login2.java:18)
at com.p360.userdesktop.TestCases.TC_Login2.test_Login(TC_Login2.java:18)
at com.p360.userdesktop.TestCases.TC_Login2.test_Login(TC_Login2.java:18)
at com.p360.userdesktop.TestCases.TC_Login2.test_Login(TC_Login2.java:18)
at com.p360.userdesktop.TestCases.TC_Login2.test_Login(TC_Login2.java:18)
at com.p360.userdesktop.TestCases.TC_Login2.test_Login(TC_Login2.java:18)
at com.p360.userdesktop.TestCases.TC_Login2.test_Login(TC_Login2.java:18)
at com.p360.userdesktop.TestCases.TC_Login2.test_Login(TC_Login2.java:18)
at com.p360.userdesktop.TestCases.TC_Login2.test_Login(TC_Login2.java:18)
at com.p360.userdesktop.TestCases.TC_Login2.test_Login(TC_Login2.java:18)
at com.p360.userdesktop.TestCases.TC_Login2.test_Login(TC_Login2.java:18)
at com.p360.userdesktop.TestCases.TC_Login2.test_Login(TC_Login2.java:18)
at com.p360.userdesktop.TestCases.TC_Login2.test_Login(TC_Login2.java:18)
at com.p360.userdesktop.TestCases.TC_Login2.test_Login(TC_Login2.java:18)
at com.p360.userdesktop.TestCases.TC_Login2.test_Login(TC_Login2.java:18)
at com.p360.userdesktop.TestCases.TC_Login2.test_Login(TC_Login2.java:18)
at com.p360.userdesktop.TestCases.TC_Login2.test_Login(TC_Login2.java:18)
at com.p360.userdesktop.TestCases.TC_Login2.test_Login(TC_Login2.java:18)
at com.p360.userdesktop.TestCases.TC_Login2.test_Login(TC_Login2.java:18)
at com.p360.userdesktop.TestCases.TC_Login2.test_Login(TC_Login2.java:18)
at com.p360.userdesktop.TestCases.TC_Login2.test_Login(TC_Login2.java:18)
at com.p360.userdesktop.TestCases.TC_Login2.test_Login(TC_Login2.java:18)
at com.p360.userdesktop.TestCases.TC_Login2.test_Login(TC_Login2.java:18)
at com.p360.userdesktop.TestCases.TC_Login2.test_Login(TC_Login2.java:18)
at com.p360.userdesktop.TestCases.TC_Login2.test_Login(TC_Login2.java:18)
at com.p360.userdesktop.TestCases.TC_Login2.test_Login(TC_Login2.java:18)
at com.p360.userdesktop.TestCases.TC_Login2.test_Login(TC_Login2.java:18)
at com.p360.userdesktop.TestCases.TC_Login2.test_Login(TC_Login2.java:18)
at com.p360.userdesktop.TestCases.TC_Login2.test_Login(TC_Login2.java:18)
at com.p360.userdesktop.TestCases.TC_Login2.test_Login(TC_Login2.java:18)
at com.p360.userdesktop.TestCases.TC_Login2.test_Login(TC_Login2.java:18)
at com.p360.userdesktop.TestCases.TC_Login2.test_Login(TC_Login2.java:18)
at com.p360.userdesktop.TestCases.TC_Login2.test_Login(TC_Login2.java:18)
at com.p360.userdesktop.TestCases.TC_Login2.test_Login(TC_Login2.java:18)
at com.p360.userdesktop.TestCases.TC_Login2.test_Login(TC_Login2.java:18)
at com.p360.userdesktop.TestCases.TC_Login2.test_Login(TC_Login2.java:18)
at com.p360.userdesktop.TestCases.TC_Login2.test_Login(TC_Login2.java:18)
at com.p360.userdesktop.TestCases.TC_Login2.test_Login(TC_Login2.java:18)
at com.p360.userdesktop.TestCases.TC_Login2.test_Login(TC_Login2.java:18)
at com.p360.userdesktop.TestCases.TC_Login2.test_Login(TC_Login2.java:18)
at com.p360.userdesktop.TestCases.TC_Login2.test_Login(TC_Login2.java:18)
at com.p360.userdesktop.TestCases.TC_Login2.test_Login(TC_Login2.java:18)
at com.p360.userdesktop.TestCases.TC_Login2.test_Login(TC_Login2.java:18)
at com.p360.userdesktop.TestCases.TC_Login2.test_Login(TC_Login2.java:18)
at com.p360.userdesktop.TestCases.TC_Login2.test_Login(TC_Login2.java:18)
at com.p360.userdesktop.TestCases.TC_Login2.test_Login(TC_Login2.java:18)
at com.p360.userdesktop.TestCases.TC_Login2.test_Login(TC_Login2.java:18)
at com.p360.userdesktop.TestCases.TC_Login2.test_Login(TC_Login2.java:18)
at com.p360.userdesktop.TestCases.TC_Login2.test_Login(TC_Login2.java:18)
at com.p360.userdesktop.TestCases.TC_Login2.test_Login(TC_Login2.java:18)
at com.p360.userdesktop.TestCases.TC_Login2.test_Login(TC_Login2.java:18)
at com.p360.userdesktop.TestCases.TC_Login2.test_Login(TC_Login2.java:18)
at com.p360.userdesktop.TestCases.TC_Login2.test_Login(TC_Login2.java:18)
at com.p360.userdesktop.TestCases.TC_Login2.test_Login(TC_Login2.java:18)
at com.p360.userdesktop.TestCases.TC_Login2.test_Login(TC_Login2.java:18)
at com.p360.userdesktop.TestCases.TC_Login2.test_Login(TC_Login2.java:18)
at com.p360.userdesktop.TestCases.TC_Login2.test_Login(TC_Login2.java:18)
at com.p360.userdesktop.TestCases.TC_Login2.test_Login(TC_Login2.java:18)
at com.p360.userdesktop.TestCases.TC_Login2.test_Login(TC_Login2.java:18)
at com.p360.userdesktop.TestCases.TC_Login2.test_Login(TC_Login2.java:18)
at com.p360.userdesktop.TestCases.TC_Login2.test_Login(TC_Login2.java:18)
at com.p360.userdesktop.TestCases.TC_Login2.test_Login(TC_Login2.java:18)
at com.p360.userdesktop.TestCases.TC_Login2.test_Login(TC_Login2.java:18)
at com.p360.userdesktop.TestCases.TC_Login2.test_Login(TC_Login2.java:18)
at com.p360.userdesktop.TestCases.TC_Login2.test_Login(TC_Login2.java:18)
at com.p360.userdesktop.TestCases.TC_Login2.test_Login(TC_Login2.java:18)
at com.p360.userdesktop.TestCases.TC_Login2.test_Login(TC_Login2.java:18)
at com.p360.userdesktop.TestCases.TC_Login2.test_Login(TC_Login2.java:18)
at com.p360.userdesktop.TestCases.TC_Login2.test_Login(TC_Login2.java:18)
at com.p360.userdesktop.TestCases.TC_Login2.test_Login(TC_Login2.java:18)
at com.p360.userdesktop.TestCases.TC_Login2.test_Login(TC_Login2.java:18)
at com.p360.userdesktop.TestCases.TC_Login2.test_Login(TC_Login2.java:18)
at com.p360.userdesktop.TestCases.TC_Login2.test_Login(TC_Login2.java:18)
at com.p360.userdesktop.TestCases.TC_Login2.test_Login(TC_Login2.java:18)
at com.p360.userdesktop.TestCases.TC_Login2.test_Login(TC_Login2.java:18)
at com.p360.userdesktop.TestCases.TC_Login2.test_Login(TC_Login2.java:18)
at com.p360.userdesktop.TestCases.TC_Login2.test_Login(TC_Login2.java:18)
at com.p360.userdesktop.TestCases.TC_Login2.test_Login(TC_Login2.java:18)
at com.p360.userdesktop.TestCases.TC_Login2.test_Login(TC_Login2.java:18)
at com.p360.userdesktop.TestCases.TC_Login2.test_Login(TC_Login2.java:18)
at com.p360.userdesktop.TestCases.TC_Login2.test_Login(TC_Login2.java:18)
at com.p360.userdesktop.TestCases.TC_Login2.test_Login(TC_Login2.java:18)
at com.p360.userdesktop.TestCases.TC_Login2.test_Login(TC_Login2.java:18)
at com.p360.userdesktop.TestCases.TC_Login2.test_Login(TC_Login2.java:18)
at com.p360.userdesktop.TestCases.TC_Login2.test_Login(TC_Login2.java:18)
at com.p360.userdesktop.TestCases.TC_Login2.test_Login(TC_Login2.java:18)
at com.p360.userdesktop.TestCases.TC_Login2.test_Login(TC_Login2.java:18)
at com.p360.userdesktop.TestCases.TC_Login2.test_Login(TC_Login2.java:18)
at com.p360.userdesktop.TestCases.TC_Login2.test_Login(TC_Login2.java:18)
at com.p360.userdesktop.TestCases.TC_Login2.test_Login(TC_Login2.java:18)
at com.p360.userdesktop.TestCases.TC_Login2.test_Login(TC_Login2.java:18)
at com.p360.userdesktop.TestCases.TC_Login2.test_Login(TC_Login2.java:18)
at com.p360.userdesktop.TestCases.TC_Login2.test_Login(TC_Login2.java:18)
at com.p360.userdesktop.TestCases.TC_Login2.test_Login(TC_Login2.java:18)
at com.p360.userdesktop.TestCases.TC_Login2.test_Login(TC_Login2.java:18)
at com.p360.userdesktop.TestCases.TC_Login2.test_Login(TC_Login2.java:18)
at com.p360.userdesktop.TestCases.TC_Login2.test_Login(TC_Login2.java:18)
at com.p360.userdesktop.TestCases.TC_Login2.test_Login(TC_Login2.java:18)
at com.p360.userdesktop.TestCases.TC_Login2.test_Login(TC_Login2.java:18)
at com.p360.userdesktop.TestCases.TC_Login2.test_Login(TC_Login2.java:18)
at com.p360.userdesktop.TestCases.TC_Login2.test_Login(TC_Login2.java:18)
at com.p360.userdesktop.TestCases.TC_Login2.test_Login(TC_Login2.java:18)
at com.p360.userdesktop.TestCases.TC_Login2.test_Login(TC_Login2.java:18)
at com.p360.userdesktop.TestCases.TC_Login2.test_Login(TC_Login2.java:18)
at com.p360.userdesktop.TestCases.TC_Login2.test_Login(TC_Login2.java:18)
at com.p360.userdesktop.TestCases.TC_Login2.test_Login(TC_Login2.java:18)
at com.p360.userdesktop.TestCases.TC_Login2.test_Login(TC_Login2.java:18)
at com.p360.userdesktop.TestCases.TC_Login2.test_Login(TC_Login2.java:18)
at com.p360.userdesktop.TestCases.TC_Login2.test_Login(TC_Login2.java:18)
at com.p360.userdesktop.TestCases.TC_Login2.test_Login(TC_Login2.java:18)
at com.p360.userdesktop.TestCases.TC_Login2.test_Login(TC_Login2.java:18)
at com.p360.userdesktop.TestCases.TC_Login2.test_Login(TC_Login2.java:18)
at com.p360.userdesktop.TestCases.TC_Login2.test_Login(TC_Login2.java:18)
at com.p360.userdesktop.TestCases.TC_Login2.test_Login(TC_Login2.java:18)
at com.p360.userdesktop.TestCases.TC_Login2.test_Login(TC_Login2.java:18)
at com.p360.userdesktop.TestCases.TC_Login2.test_Login(TC_Login2.java:18)
at com.p360.userdesktop.TestCases.TC_Login2.test_Login(TC_Login2.java:18)
at com.p360.userdesktop.TestCases.TC_Login2.test_Login(TC_Login2.java:18)
at com.p360.userdesktop.TestCases.TC_Login2.test_Login(TC_Login2.java:18)
at com.p360.userdesktop.TestCases.TC_Login2.test_Login(TC_Login2.java:18)
at com.p360.userdesktop.TestCases.TC_Login2.test_Login(TC_Login2.java:18)
at com.p360.userdesktop.TestCases.TC_Login2.test_Login(TC_Login2.java:18)
at com.p360.userdesktop.TestCases.TC_Login2.test_Login(TC_Login2.java:18)
at com.p360.userdesktop.TestCases.TC_Login2.test_Login(TC_Login2.java:18)
at com.p360.userdesktop.TestCases.TC_Login2.test_Login(TC_Login2.java:18)
at com.p360.userdesktop.TestCases.TC_Login2.test_Login(TC_Login2.java:18)
at com.p360.userdesktop.TestCases.TC_Login2.test_Login(TC_Login2.java:18)
at com.p360.userdesktop.TestCases.TC_Login2.test_Login(TC_Login2.java:18)
at com.p360.userdesktop.TestCases.TC_Login2.test_Login(TC_Login2.java:18)
at com.p360.userdesktop.TestCases.TC_Login2.test_Login(TC_Login2.java:18)
at com.p360.userdesktop.TestCases.TC_Login2.test_Login(TC_Login2.java:18)
at com.p360.userdesktop.TestCases.TC_Login2.test_Login(TC_Login2.java:18)
]]>
    </error>
  </testcase> <!-- test_Login -->
</testsuite> <!-- com.p360.userdesktop.TestCases.TC_Login2 -->
