<?xml version="1.0" encoding="UTF-8"?>
<!-- Generated by org.testng.reporters.JUnitReportReporter -->
<testsuite hostname="DESKTOP-7AKMRUB" failures="0" tests="1" name="com.p360.userdesktop.TestCases.TC_ClassRegistration3" time="60.737" errors="0" timestamp="2023-07-10T17:42:18 IST" skipped="0">
  <testcase classname="com.p360.userdesktop.TestCases.TC_ClassRegistration3" name="test_ClassRegistration" time="60.737"/>
</testsuite> <!-- com.p360.userdesktop.TestCases.TC_ClassRegistration3 -->
