<?xml version="1.0" encoding="UTF-8"?>
<!-- Generated by org.testng.reporters.JUnitReportReporter -->
<testsuite hostname="DESKTOP-7AKMRUB" failures="0" tests="1" name="com.p360.userdesktop.TestCases.TC_ForgetPassword" time="83.409" errors="0" timestamp="2023-07-07T17:33:16 IST" skipped="0">
  <testcase classname="com.p360.userdesktop.TestCases.TC_ForgetPassword" name="test_ForgetPassword" time="83.409"/>
</testsuite> <!-- com.p360.userdesktop.TestCases.TC_ForgetPassword -->
