<?xml version="1.0" encoding="UTF-8"?>
<!-- Generated by org.testng.reporters.JUnitReportReporter -->
<testsuite hostname="DESKTOP-7AKMRUB" failures="0" tests="2" name="com.p360.userdesktop.TestCases.TC_Login" time="36.836" errors="0" timestamp="2023-07-04T18:17:44 IST" skipped="0">
  <testcase classname="com.p360.userdesktop.TestCases.TC_Login" name="test_Login" time="29.422"/>
  <testcase classname="com.p360.userdesktop.TestCases.TC_Login" name="test_Logout" time="7.414"/>
</testsuite> <!-- com.p360.userdesktop.TestCases.TC_Login -->
