<?xml version="1.0" encoding="UTF-8"?>
<!-- Generated by org.testng.reporters.JUnitReportReporter -->
<testsuite hostname="DESKTOP-7AKMRUB" failures="0" tests="1" name="com.p360.userdesktop.TestCases.TC_SingUp" time="26.173" errors="0" timestamp="2023-07-07T16:23:38 IST" skipped="0">
  <testcase classname="com.p360.userdesktop.TestCases.TC_SingUp" name="test_SignUp" time="26.173"/>
</testsuite> <!-- com.p360.userdesktop.TestCases.TC_SingUp -->
