<?xml version="1.0" encoding="UTF-8"?>
<!-- Generated by org.testng.reporters.JUnitReportReporter -->
<testsuite hostname="DESKTOP-7AKMRUB" failures="0" tests="1" name="com.p360.userdesktop.TestCases.TC_ForgetPassword" time="83.891" errors="0" timestamp="2023-07-10T10:34:34 IST" skipped="0">
  <testcase classname="com.p360.userdesktop.TestCases.TC_ForgetPassword" name="test_ForgetPassword" time="83.891"/>
</testsuite> <!-- com.p360.userdesktop.TestCases.TC_ForgetPassword -->
