<?xml version="1.0" encoding="UTF-8"?>
<!-- Generated by org.testng.reporters.JUnitReportReporter -->
<testsuite hostname="DESKTOP-7AKMRUB" failures="0" tests="1" name="com.p360.userdesktop.TestCases.TC_ChangeCardDetails" time="82.332" errors="0" timestamp="2023-07-11T11:57:35 IST" skipped="0">
  <testcase classname="com.p360.userdesktop.TestCases.TC_ChangeCardDetails" name="test_ChangeCardDetails" time="82.332"/>
</testsuite> <!-- com.p360.userdesktop.TestCases.TC_ChangeCardDetails -->
